This is pdfTeX, Version 3.14159265-2.6-1.40.20 (MiKTeX 2.9.7050 64-bit) (preloaded format=pdflatex 2019.6.9)  24 SEP 2019 15:59
entering extended mode
**./Report.tex
(Report.tex
LaTeX2e <2018-12-01>
("C:\Program Files\MiKTeX 2.9\tex/latex/base\article.cls"
Document Class: article 2018/09/03 v1.4i Standard LaTeX document class
("C:\Program Files\MiKTeX 2.9\tex/latex/base\size10.clo"
File: size10.clo 2018/09/03 v1.4i Standard LaTeX file (size option)
)
\c@part=\count80
\c@section=\count81
\c@subsection=\count82
\c@subsubsection=\count83
\c@paragraph=\count84
\c@subparagraph=\count85
\c@figure=\count86
\c@table=\count87
\abovecaptionskip=\skip41
\belowcaptionskip=\skip42
\bibindent=\dimen102
) ("C:\Program Files\MiKTeX 2.9\tex/latex/lm\lmodern.sty"
Package: lmodern 2009/10/30 v1.6 Latin Modern Fonts
LaTeX Font Info:    Overwriting symbol font `operators' in version `normal'
(Font)                  OT1/cmr/m/n --> OT1/lmr/m/n on input line 22.
LaTeX Font Info:    Overwriting symbol font `letters' in version `normal'
(Font)                  OML/cmm/m/it --> OML/lmm/m/it on input line 23.
LaTeX Font Info:    Overwriting symbol font `symbols' in version `normal'
(Font)                  OMS/cmsy/m/n --> OMS/lmsy/m/n on input line 24.
LaTeX Font Info:    Overwriting symbol font `largesymbols' in version `normal'
(Font)                  OMX/cmex/m/n --> OMX/lmex/m/n on input line 25.
LaTeX Font Info:    Overwriting symbol font `operators' in version `bold'
(Font)                  OT1/cmr/bx/n --> OT1/lmr/bx/n on input line 26.
LaTeX Font Info:    Overwriting symbol font `letters' in version `bold'
(Font)                  OML/cmm/b/it --> OML/lmm/b/it on input line 27.
LaTeX Font Info:    Overwriting symbol font `symbols' in version `bold'
(Font)                  OMS/cmsy/b/n --> OMS/lmsy/b/n on input line 28.
LaTeX Font Info:    Overwriting symbol font `largesymbols' in version `bold'
(Font)                  OMX/cmex/m/n --> OMX/lmex/m/n on input line 29.
LaTeX Font Info:    Overwriting math alphabet `\mathbf' in version `normal'
(Font)                  OT1/cmr/bx/n --> OT1/lmr/bx/n on input line 31.
LaTeX Font Info:    Overwriting math alphabet `\mathsf' in version `normal'
(Font)                  OT1/cmss/m/n --> OT1/lmss/m/n on input line 32.
LaTeX Font Info:    Overwriting math alphabet `\mathit' in version `normal'
(Font)                  OT1/cmr/m/it --> OT1/lmr/m/it on input line 33.
LaTeX Font Info:    Overwriting math alphabet `\mathtt' in version `normal'
(Font)                  OT1/cmtt/m/n --> OT1/lmtt/m/n on input line 34.
LaTeX Font Info:    Overwriting math alphabet `\mathbf' in version `bold'
(Font)                  OT1/cmr/bx/n --> OT1/lmr/bx/n on input line 35.
LaTeX Font Info:    Overwriting math alphabet `\mathsf' in version `bold'
(Font)                  OT1/cmss/bx/n --> OT1/lmss/bx/n on input line 36.
LaTeX Font Info:    Overwriting math alphabet `\mathit' in version `bold'
(Font)                  OT1/cmr/bx/it --> OT1/lmr/bx/it on input line 37.
LaTeX Font Info:    Overwriting math alphabet `\mathtt' in version `bold'
(Font)                  OT1/cmtt/m/n --> OT1/lmtt/m/n on input line 38.
) ("C:\Program Files\MiKTeX 2.9\tex/latex/amsfonts\amssymb.sty"
Package: amssymb 2013/01/14 v3.01 AMS font symbols
("C:\Program Files\MiKTeX 2.9\tex/latex/amsfonts\amsfonts.sty"
Package: amsfonts 2013/01/14 v3.01 Basic AMSFonts support
\@emptytoks=\toks14
\symAMSa=\mathgroup4
\symAMSb=\mathgroup5
LaTeX Font Info:    Overwriting math alphabet `\mathfrak' in version `bold'
(Font)                  U/euf/m/n --> U/euf/b/n on input line 106.
)) ("C:\Program Files\MiKTeX 2.9\tex/latex/amsmath\amsmath.sty"
Package: amsmath 2018/12/01 v2.17b AMS math features
\@mathmargin=\skip43
For additional information on amsmath, use the `?' option.
("C:\Program Files\MiKTeX 2.9\tex/latex/amsmath\amstext.sty"
Package: amstext 2000/06/29 v2.01 AMS text
("C:\Program Files\MiKTeX 2.9\tex/latex/amsmath\amsgen.sty"
File: amsgen.sty 1999/11/30 v2.0 generic functions
\@emptytoks=\toks15
\ex@=\dimen103
)) ("C:\Program Files\MiKTeX 2.9\tex/latex/amsmath\amsbsy.sty"
Package: amsbsy 1999/11/29 v1.2d Bold Symbols
\pmbraise@=\dimen104
) ("C:\Program Files\MiKTeX 2.9\tex/latex/amsmath\amsopn.sty"
Package: amsopn 2016/03/08 v2.02 operator names
)
\inf@bad=\count88
LaTeX Info: Redefining \frac on input line 223.
\uproot@=\count89
\leftroot@=\count90
LaTeX Info: Redefining \overline on input line 385.
\classnum@=\count91
\DOTSCASE@=\count92
LaTeX Info: Redefining \ldots on input line 482.
LaTeX Info: Redefining \dots on input line 485.
LaTeX Info: Redefining \cdots on input line 606.
\Mathstrutbox@=\box27
\strutbox@=\box28
\big@size=\dimen105
LaTeX Font Info:    Redeclaring font encoding OML on input line 729.
LaTeX Font Info:    Redeclaring font encoding OMS on input line 730.
\macc@depth=\count93
\c@MaxMatrixCols=\count94
\dotsspace@=\muskip10
\c@parentequation=\count95
\dspbrk@lvl=\count96
\tag@help=\toks16
\row@=\count97
\column@=\count98
\maxfields@=\count99
\andhelp@=\toks17
\eqnshift@=\dimen106
\alignsep@=\dimen107
\tagshift@=\dimen108
\tagwidth@=\dimen109
\totwidth@=\dimen110
\lineht@=\dimen111
\@envbody=\toks18
\multlinegap=\skip44
\multlinetaggap=\skip45
\mathdisplay@stack=\toks19
LaTeX Info: Redefining \[ on input line 2844.
LaTeX Info: Redefining \] on input line 2845.
) ("C:\Program Files\MiKTeX 2.9\tex/generic/ifxetex\ifxetex.sty"
Package: ifxetex 2010/09/12 v0.6 Provides ifxetex conditional
) ("C:\Program Files\MiKTeX 2.9\tex/generic/oberdiek\ifluatex.sty"
Package: ifluatex 2016/05/16 v1.4 Provides the ifluatex switch (HO)
Package ifluatex Info: LuaTeX not detected.
) ("C:\Program Files\MiKTeX 2.9\tex/latex/base\fixltx2e.sty"
Package: fixltx2e 2016/12/29 v2.1a fixes to LaTeX (obsolete)
Applying: [2015/01/01] Old fixltx2e package on input line 46.

Package fixltx2e Warning: fixltx2e is not required with releases after 2015
(fixltx2e)                All fixes are now in the LaTeX kernel.
(fixltx2e)                See the latexrelease package for details.

Already applied: [0000/00/00] Old fixltx2e package on input line 53.
) ("C:\Program Files\MiKTeX 2.9\tex/latex/base\fontenc.sty"
Package: fontenc 2018/08/11 v2.0j Standard LaTeX package
("C:\Program Files\MiKTeX 2.9\tex/latex/base\t1enc.def"
File: t1enc.def 2018/08/11 v2.0j Standard LaTeX file
LaTeX Font Info:    Redeclaring font encoding T1 on input line 48.
)) ("C:\Program Files\MiKTeX 2.9\tex/latex/base\inputenc.sty"
Package: inputenc 2018/08/11 v1.3c Input encoding file
\inpenc@prehook=\toks20
\inpenc@posthook=\toks21
) ("C:\Users\Depp Pc\AppData\Roaming\MiKTeX\2.9\tex/latex/upquote\upquote.sty"
Package: upquote 2012/04/19 v1.3 upright-quote and grave-accent glyphs in verba
tim
("C:\Program Files\MiKTeX 2.9\tex/latex/base\textcomp.sty"
Package: textcomp 2018/08/11 v2.0j Standard LaTeX package
Package textcomp Info: Sub-encoding information:
(textcomp)               5 = only ISO-Adobe without \textcurrency
(textcomp)               4 = 5 + \texteuro
(textcomp)               3 = 4 + \textohm
(textcomp)               2 = 3 + \textestimated + \textcurrency
(textcomp)               1 = TS1 - \textcircled - \t
(textcomp)               0 = TS1 (full)
(textcomp)             Font families with sub-encoding setting implement
(textcomp)             only a restricted character set as indicated.
(textcomp)             Family '?' is the default used for unknown fonts.
(textcomp)             See the documentation for details.
Package textcomp Info: Setting ? sub-encoding to TS1/1 on input line 79.
("C:\Program Files\MiKTeX 2.9\tex/latex/base\ts1enc.def"
File: ts1enc.def 2001/06/05 v3.0e (jk/car/fm) Standard LaTeX file
Now handling font encoding TS1 ...
... processing UTF-8 mapping file for font encoding TS1
("C:\Program Files\MiKTeX 2.9\tex/latex/base\ts1enc.dfu"
File: ts1enc.dfu 2018/10/05 v1.2f UTF-8 support for inputenc
   defining Unicode char U+00A2 (decimal 162)
   defining Unicode char U+00A3 (decimal 163)
   defining Unicode char U+00A4 (decimal 164)
   defining Unicode char U+00A5 (decimal 165)
   defining Unicode char U+00A6 (decimal 166)
   defining Unicode char U+00A7 (decimal 167)
   defining Unicode char U+00A8 (decimal 168)
   defining Unicode char U+00A9 (decimal 169)
   defining Unicode char U+00AA (decimal 170)
   defining Unicode char U+00AC (decimal 172)
   defining Unicode char U+00AE (decimal 174)
   defining Unicode char U+00AF (decimal 175)
   defining Unicode char U+00B0 (decimal 176)
   defining Unicode char U+00B1 (decimal 177)
   defining Unicode char U+00B2 (decimal 178)
   defining Unicode char U+00B3 (decimal 179)
   defining Unicode char U+00B4 (decimal 180)
   defining Unicode char U+00B5 (decimal 181)
   defining Unicode char U+00B6 (decimal 182)
   defining Unicode char U+00B7 (decimal 183)
   defining Unicode char U+00B9 (decimal 185)
   defining Unicode char U+00BA (decimal 186)
   defining Unicode char U+00BC (decimal 188)
   defining Unicode char U+00BD (decimal 189)
   defining Unicode char U+00BE (decimal 190)
   defining Unicode char U+00D7 (decimal 215)
   defining Unicode char U+00F7 (decimal 247)
   defining Unicode char U+0192 (decimal 402)
   defining Unicode char U+02C7 (decimal 711)
   defining Unicode char U+02D8 (decimal 728)
   defining Unicode char U+02DD (decimal 733)
   defining Unicode char U+0E3F (decimal 3647)
   defining Unicode char U+2016 (decimal 8214)
   defining Unicode char U+2020 (decimal 8224)
   defining Unicode char U+2021 (decimal 8225)
   defining Unicode char U+2022 (decimal 8226)
   defining Unicode char U+2030 (decimal 8240)
   defining Unicode char U+2031 (decimal 8241)
   defining Unicode char U+203B (decimal 8251)
   defining Unicode char U+203D (decimal 8253)
   defining Unicode char U+2044 (decimal 8260)
   defining Unicode char U+204E (decimal 8270)
   defining Unicode char U+2052 (decimal 8274)
   defining Unicode char U+20A1 (decimal 8353)
   defining Unicode char U+20A4 (decimal 8356)
   defining Unicode char U+20A6 (decimal 8358)
   defining Unicode char U+20A9 (decimal 8361)
   defining Unicode char U+20AB (decimal 8363)
   defining Unicode char U+20AC (decimal 8364)
   defining Unicode char U+20B1 (decimal 8369)
   defining Unicode char U+2103 (decimal 8451)
   defining Unicode char U+2116 (decimal 8470)
   defining Unicode char U+2117 (decimal 8471)
   defining Unicode char U+211E (decimal 8478)
   defining Unicode char U+2120 (decimal 8480)
   defining Unicode char U+2122 (decimal 8482)
   defining Unicode char U+2126 (decimal 8486)
   defining Unicode char U+2127 (decimal 8487)
   defining Unicode char U+212E (decimal 8494)
   defining Unicode char U+2190 (decimal 8592)
   defining Unicode char U+2191 (decimal 8593)
   defining Unicode char U+2192 (decimal 8594)
   defining Unicode char U+2193 (decimal 8595)
   defining Unicode char U+2329 (decimal 9001)
   defining Unicode char U+232A (decimal 9002)
   defining Unicode char U+2422 (decimal 9250)
   defining Unicode char U+25E6 (decimal 9702)
   defining Unicode char U+25EF (decimal 9711)
   defining Unicode char U+266A (decimal 9834)
   defining Unicode char U+FEFF (decimal 65279)
))
LaTeX Info: Redefining \oldstylenums on input line 334.
Package textcomp Info: Setting cmr sub-encoding to TS1/0 on input line 349.
Package textcomp Info: Setting cmss sub-encoding to TS1/0 on input line 350.
Package textcomp Info: Setting cmtt sub-encoding to TS1/0 on input line 351.
Package textcomp Info: Setting cmvtt sub-encoding to TS1/0 on input line 352.
Package textcomp Info: Setting cmbr sub-encoding to TS1/0 on input line 353.
Package textcomp Info: Setting cmtl sub-encoding to TS1/0 on input line 354.
Package textcomp Info: Setting ccr sub-encoding to TS1/0 on input line 355.
Package textcomp Info: Setting ptm sub-encoding to TS1/4 on input line 356.
Package textcomp Info: Setting pcr sub-encoding to TS1/4 on input line 357.
Package textcomp Info: Setting phv sub-encoding to TS1/4 on input line 358.
Package textcomp Info: Setting ppl sub-encoding to TS1/3 on input line 359.
Package textcomp Info: Setting pag sub-encoding to TS1/4 on input line 360.
Package textcomp Info: Setting pbk sub-encoding to TS1/4 on input line 361.
Package textcomp Info: Setting pnc sub-encoding to TS1/4 on input line 362.
Package textcomp Info: Setting pzc sub-encoding to TS1/4 on input line 363.
Package textcomp Info: Setting bch sub-encoding to TS1/4 on input line 364.
Package textcomp Info: Setting put sub-encoding to TS1/5 on input line 365.
Package textcomp Info: Setting uag sub-encoding to TS1/5 on input line 366.
Package textcomp Info: Setting ugq sub-encoding to TS1/5 on input line 367.
Package textcomp Info: Setting ul8 sub-encoding to TS1/4 on input line 368.
Package textcomp Info: Setting ul9 sub-encoding to TS1/4 on input line 369.
Package textcomp Info: Setting augie sub-encoding to TS1/5 on input line 370.
Package textcomp Info: Setting dayrom sub-encoding to TS1/3 on input line 371.
Package textcomp Info: Setting dayroms sub-encoding to TS1/3 on input line 372.

Package textcomp Info: Setting pxr sub-encoding to TS1/0 on input line 373.
Package textcomp Info: Setting pxss sub-encoding to TS1/0 on input line 374.
Package textcomp Info: Setting pxtt sub-encoding to TS1/0 on input line 375.
Package textcomp Info: Setting txr sub-encoding to TS1/0 on input line 376.
Package textcomp Info: Setting txss sub-encoding to TS1/0 on input line 377.
Package textcomp Info: Setting txtt sub-encoding to TS1/0 on input line 378.
Package textcomp Info: Setting lmr sub-encoding to TS1/0 on input line 379.
Package textcomp Info: Setting lmdh sub-encoding to TS1/0 on input line 380.
Package textcomp Info: Setting lmss sub-encoding to TS1/0 on input line 381.
Package textcomp Info: Setting lmssq sub-encoding to TS1/0 on input line 382.
Package textcomp Info: Setting lmvtt sub-encoding to TS1/0 on input line 383.
Package textcomp Info: Setting lmtt sub-encoding to TS1/0 on input line 384.
Package textcomp Info: Setting qhv sub-encoding to TS1/0 on input line 385.
Package textcomp Info: Setting qag sub-encoding to TS1/0 on input line 386.
Package textcomp Info: Setting qbk sub-encoding to TS1/0 on input line 387.
Package textcomp Info: Setting qcr sub-encoding to TS1/0 on input line 388.
Package textcomp Info: Setting qcs sub-encoding to TS1/0 on input line 389.
Package textcomp Info: Setting qpl sub-encoding to TS1/0 on input line 390.
Package textcomp Info: Setting qtm sub-encoding to TS1/0 on input line 391.
Package textcomp Info: Setting qzc sub-encoding to TS1/0 on input line 392.
Package textcomp Info: Setting qhvc sub-encoding to TS1/0 on input line 393.
Package textcomp Info: Setting futs sub-encoding to TS1/4 on input line 394.
Package textcomp Info: Setting futx sub-encoding to TS1/4 on input line 395.
Package textcomp Info: Setting futj sub-encoding to TS1/4 on input line 396.
Package textcomp Info: Setting hlh sub-encoding to TS1/3 on input line 397.
Package textcomp Info: Setting hls sub-encoding to TS1/3 on input line 398.
Package textcomp Info: Setting hlst sub-encoding to TS1/3 on input line 399.
Package textcomp Info: Setting hlct sub-encoding to TS1/5 on input line 400.
Package textcomp Info: Setting hlx sub-encoding to TS1/5 on input line 401.
Package textcomp Info: Setting hlce sub-encoding to TS1/5 on input line 402.
Package textcomp Info: Setting hlcn sub-encoding to TS1/5 on input line 403.
Package textcomp Info: Setting hlcw sub-encoding to TS1/5 on input line 404.
Package textcomp Info: Setting hlcf sub-encoding to TS1/5 on input line 405.
Package textcomp Info: Setting pplx sub-encoding to TS1/3 on input line 406.
Package textcomp Info: Setting pplj sub-encoding to TS1/3 on input line 407.
Package textcomp Info: Setting ptmx sub-encoding to TS1/4 on input line 408.
Package textcomp Info: Setting ptmj sub-encoding to TS1/4 on input line 409.
)) ("C:\Users\Depp Pc\AppData\Roaming\MiKTeX\2.9\tex/latex/microtype\microtype.
sty"
Package: microtype 2019/02/28 v2.7b Micro-typographical refinements (RS)
("C:\Program Files\MiKTeX 2.9\tex/latex/graphics\keyval.sty"
Package: keyval 2014/10/28 v1.15 key=value parser (DPC)
\KV@toks@=\toks22
)
\MT@toks=\toks23
\MT@count=\count100
LaTeX Info: Redefining \textls on input line 790.
\MT@outer@kern=\dimen112
LaTeX Info: Redefining \textmicrotypecontext on input line 1336.
\MT@listname@count=\count101

("C:\Users\Depp Pc\AppData\Roaming\MiKTeX\2.9\tex/latex/microtype\microtype-pdf
tex.def"
File: microtype-pdftex.def 2019/02/28 v2.7b Definitions specific to pdftex (RS)

LaTeX Info: Redefining \lsstyle on input line 914.
LaTeX Info: Redefining \lslig on input line 914.
\MT@outer@space=\skip46
)
Package microtype Info: Loading configuration file microtype.cfg.
("C:\Users\Depp Pc\AppData\Roaming\MiKTeX\2.9\tex/latex/microtype\microtype.cfg
"
File: microtype.cfg 2019/02/28 v2.7b microtype main configuration file (RS)
)) ("C:\Program Files\MiKTeX 2.9\tex/latex/geometry\geometry.sty"
Package: geometry 2018/04/16 v5.8 Page Geometry
("C:\Program Files\MiKTeX 2.9\tex/generic/oberdiek\ifpdf.sty"
Package: ifpdf 2018/09/07 v3.3 Provides the ifpdf switch
) ("C:\Program Files\MiKTeX 2.9\tex/generic/oberdiek\ifvtex.sty"
Package: ifvtex 2016/05/16 v1.6 Detect VTeX and its facilities (HO)
Package ifvtex Info: VTeX not detected.
)
\Gm@cnth=\count102
\Gm@cntv=\count103
\c@Gm@tempcnt=\count104
\Gm@bindingoffset=\dimen113
\Gm@wd@mp=\dimen114
\Gm@odd@mp=\dimen115
\Gm@even@mp=\dimen116
\Gm@layoutwidth=\dimen117
\Gm@layoutheight=\dimen118
\Gm@layouthoffset=\dimen119
\Gm@layoutvoffset=\dimen120
\Gm@dimlist=\toks24
("C:\Program Files\MiKTeX 2.9\tex/latex/geometry\geometry.cfg")) ("C:\Program F
iles\MiKTeX 2.9\tex/latex/hyperref\hyperref.sty"
Package: hyperref 2018/11/30 v6.88e Hypertext links for LaTeX
("C:\Program Files\MiKTeX 2.9\tex/generic/oberdiek\hobsub-hyperref.sty"
Package: hobsub-hyperref 2016/05/16 v1.14 Bundle oberdiek, subset hyperref (HO)

("C:\Program Files\MiKTeX 2.9\tex/generic/oberdiek\hobsub-generic.sty"
Package: hobsub-generic 2016/05/16 v1.14 Bundle oberdiek, subset generic (HO)
Package: hobsub 2016/05/16 v1.14 Construct package bundles (HO)
Package: infwarerr 2016/05/16 v1.4 Providing info/warning/error messages (HO)
Package: ltxcmds 2016/05/16 v1.23 LaTeX kernel commands for general use (HO)
Package hobsub Info: Skipping package `ifluatex' (already loaded).
Package hobsub Info: Skipping package `ifvtex' (already loaded).
Package: intcalc 2016/05/16 v1.2 Expandable calculations with integers (HO)
Package hobsub Info: Skipping package `ifpdf' (already loaded).
Package: etexcmds 2016/05/16 v1.6 Avoid name clashes with e-TeX commands (HO)
Package: kvsetkeys 2016/05/16 v1.17 Key value parser (HO)
Package: kvdefinekeys 2016/05/16 v1.4 Define keys (HO)
Package: pdftexcmds 2018/09/10 v0.29 Utility functions of pdfTeX for LuaTeX (HO
)
Package pdftexcmds Info: LuaTeX not detected.
Package pdftexcmds Info: \pdf@primitive is available.
Package pdftexcmds Info: \pdf@ifprimitive is available.
Package pdftexcmds Info: \pdfdraftmode found.
Package: pdfescape 2016/05/16 v1.14 Implements pdfTeX's escape features (HO)
Package: bigintcalc 2016/05/16 v1.4 Expandable calculations on big integers (HO
)
Package: bitset 2016/05/16 v1.2 Handle bit-vector datatype (HO)
Package: uniquecounter 2016/05/16 v1.3 Provide unlimited unique counter (HO)
)
Package hobsub Info: Skipping package `hobsub' (already loaded).
Package: letltxmacro 2016/05/16 v1.5 Let assignment for LaTeX macros (HO)
Package: hopatch 2016/05/16 v1.3 Wrapper for package hooks (HO)
Package: xcolor-patch 2016/05/16 xcolor patch
Package: atveryend 2016/05/16 v1.9 Hooks at the very end of document (HO)
Package atveryend Info: \enddocument detected (standard20110627).
Package: atbegshi 2016/06/09 v1.18 At begin shipout hook (HO)
Package: refcount 2016/05/16 v3.5 Data extraction from label references (HO)
Package: hycolor 2016/05/16 v1.8 Color options for hyperref/bookmark (HO)
) ("C:\Program Files\MiKTeX 2.9\tex/latex/oberdiek\auxhook.sty"
Package: auxhook 2016/05/16 v1.4 Hooks for auxiliary files (HO)
) ("C:\Program Files\MiKTeX 2.9\tex/latex/oberdiek\kvoptions.sty"
Package: kvoptions 2016/05/16 v3.12 Key value format for package options (HO)
)
\@linkdim=\dimen121
\Hy@linkcounter=\count105
\Hy@pagecounter=\count106
("C:\Program Files\MiKTeX 2.9\tex/latex/hyperref\pd1enc.def"
File: pd1enc.def 2018/11/30 v6.88e Hyperref: PDFDocEncoding definition (HO)
Now handling font encoding PD1 ...
... no UTF-8 mapping file for font encoding PD1
)
\Hy@SavedSpaceFactor=\count107
("C:\Program Files\MiKTeX 2.9\tex/latex/00miktex\hyperref.cfg"
File: hyperref.cfg 2002/06/06 v1.2 hyperref configuration of TeXLive
)
Package hyperref Info: Hyper figures OFF on input line 4519.
Package hyperref Info: Link nesting OFF on input line 4524.
Package hyperref Info: Hyper index ON on input line 4527.
Package hyperref Info: Plain pages OFF on input line 4534.
Package hyperref Info: Backreferencing OFF on input line 4539.
Package hyperref Info: Implicit mode ON; LaTeX internals redefined.
Package hyperref Info: Bookmarks ON on input line 4772.
\c@Hy@tempcnt=\count108
("C:\Users\Depp Pc\AppData\Roaming\MiKTeX\2.9\tex/latex/url\url.sty"
\Urlmuskip=\muskip11
Package: url 2013/09/16  ver 3.4  Verb mode for urls, etc.
)
LaTeX Info: Redefining \url on input line 5125.
\XeTeXLinkMargin=\dimen122
\Fld@menulength=\count109
\Field@Width=\dimen123
\Fld@charsize=\dimen124
Package hyperref Info: Hyper figures OFF on input line 6380.
Package hyperref Info: Link nesting OFF on input line 6385.
Package hyperref Info: Hyper index ON on input line 6388.
Package hyperref Info: backreferencing OFF on input line 6395.
Package hyperref Info: Link coloring OFF on input line 6400.
Package hyperref Info: Link coloring with OCG OFF on input line 6405.
Package hyperref Info: PDF/A mode OFF on input line 6410.
LaTeX Info: Redefining \ref on input line 6450.
LaTeX Info: Redefining \pageref on input line 6454.
\Hy@abspage=\count110
\c@Item=\count111
\c@Hfootnote=\count112
)
Package hyperref Info: Driver (autodetected): hpdftex.
("C:\Program Files\MiKTeX 2.9\tex/latex/hyperref\hpdftex.def"
File: hpdftex.def 2018/11/30 v6.88e Hyperref driver for pdfTeX
\Fld@listcount=\count113
\c@bookmark@seq@number=\count114
("C:\Program Files\MiKTeX 2.9\tex/latex/oberdiek\rerunfilecheck.sty"
Package: rerunfilecheck 2016/05/16 v1.8 Rerun checks for auxiliary files (HO)
Package uniquecounter Info: New unique counter `rerunfilecheck' on input line 2
82.
)
\Hy@SectionHShift=\skip47
)
Package hyperref Info: Option `unicode' set `true' on input line 30.
("C:\Program Files\MiKTeX 2.9\tex/latex/hyperref\puenc.def"
File: puenc.def 2018/11/30 v6.88e Hyperref: PDF Unicode definition (HO)
Now handling font encoding PU ...
... no UTF-8 mapping file for font encoding PU
)
Package hyperref Info: Option `breaklinks' set `true' on input line 30.
("C:\Program Files\MiKTeX 2.9\tex/latex/tools\longtable.sty"
Package: longtable 2014/10/28 v4.11 Multi-page Table package (DPC)+ FMi change
\LTleft=\skip48
\LTright=\skip49
\LTpre=\skip50
\LTpost=\skip51
\LTchunksize=\count115
\LTcapwidth=\dimen125
\LT@head=\box29
\LT@firsthead=\box30
\LT@foot=\box31
\LT@lastfoot=\box32
\LT@cols=\count116
\LT@rows=\count117
\c@LT@tables=\count118
\c@LT@chunks=\count119
\LT@p@ftn=\toks25
) ("C:\Users\Depp Pc\AppData\Roaming\MiKTeX\2.9\tex/latex/booktabs\booktabs.sty
"
Package: booktabs 2005/04/14 v1.61803 publication quality tables
\heavyrulewidth=\dimen126
\lightrulewidth=\dimen127
\cmidrulewidth=\dimen128
\belowrulesep=\dimen129
\belowbottomsep=\dimen130
\aboverulesep=\dimen131
\abovetopsep=\dimen132
\cmidrulesep=\dimen133
\cmidrulekern=\dimen134
\defaultaddspace=\dimen135
\@cmidla=\count120
\@cmidlb=\count121
\@aboverulesep=\dimen136
\@belowrulesep=\dimen137
\@thisruleclass=\count122
\@lastruleclass=\count123
\@thisrulewidth=\dimen138
) ("C:\Program Files\MiKTeX 2.9\tex/latex/graphics\graphicx.sty"
Package: graphicx 2017/06/01 v1.1a Enhanced LaTeX Graphics (DPC,SPQR)
("C:\Program Files\MiKTeX 2.9\tex/latex/graphics\graphics.sty"
Package: graphics 2017/06/25 v1.2c Standard LaTeX Graphics (DPC,SPQR)
("C:\Program Files\MiKTeX 2.9\tex/latex/graphics\trig.sty"
Package: trig 2016/01/03 v1.10 sin cos tan (DPC)
) ("C:\Program Files\MiKTeX 2.9\tex/latex/graphics-cfg\graphics.cfg"
File: graphics.cfg 2016/06/04 v1.11 sample graphics configuration
)
Package graphics Info: Driver file: pdftex.def on input line 99.
("C:\Program Files\MiKTeX 2.9\tex/latex/graphics-def\pdftex.def"
File: pdftex.def 2018/01/08 v1.0l Graphics/color driver for pdftex
))
\Gin@req@height=\dimen139
\Gin@req@width=\dimen140
) ("C:\Program Files\MiKTeX 2.9\tex/latex/oberdiek\grffile.sty"
Package: grffile 2017/06/30 v1.18 Extended file name support for graphics (HO)
Package grffile Info: Option `multidot' is set to `true'.
Package grffile Info: Option `extendedchars' is set to `false'.
Package grffile Info: Option `space' is set to `true'.
Package grffile Info: \Gin@ii of package `graphicx' fixed on input line 494.
) ("C:\Users\Depp Pc\AppData\Roaming\MiKTeX\2.9\tex/latex/parskip\parskip.sty"
Package: parskip 2019-01-16 v2.0c non-zero parskip adjustments
("C:\Users\Depp Pc\AppData\Roaming\MiKTeX\2.9\tex/latex/etoolbox\etoolbox.sty"
Package: etoolbox 2018/08/19 v2.5f e-TeX tools for LaTeX (JAW)
\etb@tempcnta=\count124
)) ("C:\Users\Depp Pc\AppData\Roaming\MiKTeX\2.9\tex/latex/titling\titling.sty"
Package: titling 2009/09/04 v2.1d maketitle typesetting
\thanksmarkwidth=\skip52
\thanksmargin=\skip53
\droptitle=\skip54
) ("C:\Users\Depp Pc\AppData\Roaming\MiKTeX\2.9\tex/latex/setspace\setspace.sty
"
Package: setspace 2011/12/19 v6.7a set line spacing
) ("C:\Users\Depp Pc\AppData\Roaming\MiKTeX\2.9\tex/latex/lipsum\lipsum.sty" ("
C:\Users\Depp Pc\AppData\Roaming\MiKTeX\2.9\tex/latex/l3kernel\expl3.sty"
Package: expl3 2019-05-28 L3 programming layer (loader) 
("C:\Users\Depp Pc\AppData\Roaming\MiKTeX\2.9\tex/latex/l3kernel\expl3-code.tex
"
Package: expl3 2019-05-28 L3 programming layer (code)
\c_max_int=\count125
\l_tmpa_int=\count126
\l_tmpb_int=\count127
\g_tmpa_int=\count128
\g_tmpb_int=\count129
\g__kernel_prg_map_int=\count130
\c__ior_term_ior=\count131
\c_log_iow=\count132
\l_iow_line_count_int=\count133
\l__iow_line_target_int=\count134
\l__iow_one_indent_int=\count135
\l__iow_indent_int=\count136
\c_zero_dim=\dimen141
\c_max_dim=\dimen142
\l_tmpa_dim=\dimen143
\l_tmpb_dim=\dimen144
\g_tmpa_dim=\dimen145
\g_tmpb_dim=\dimen146
\c_zero_skip=\skip55
\c_max_skip=\skip56
\l_tmpa_skip=\skip57
\l_tmpb_skip=\skip58
\g_tmpa_skip=\skip59
\g_tmpb_skip=\skip60
\c_zero_muskip=\muskip12
\c_max_muskip=\muskip13
\l_tmpa_muskip=\muskip14
\l_tmpb_muskip=\muskip15
\g_tmpa_muskip=\muskip16
\g_tmpb_muskip=\muskip17
\l_keys_choice_int=\count137
\l__intarray_loop_int=\count138
\c__intarray_sp_dim=\dimen147
\g__intarray_font_int=\count139
\c__fp_leading_shift_int=\count140
\c__fp_middle_shift_int=\count141
\c__fp_trailing_shift_int=\count142
\c__fp_big_leading_shift_int=\count143
\c__fp_big_middle_shift_int=\count144
\c__fp_big_trailing_shift_int=\count145
\c__fp_Bigg_leading_shift_int=\count146
\c__fp_Bigg_middle_shift_int=\count147
\c__fp_Bigg_trailing_shift_int=\count148
\c__kernel_randint_max_int=\count149
\g__fp_array_int=\count150
\l__fp_array_loop_int=\count151
\l__sort_length_int=\count152
\l__sort_min_int=\count153
\l__sort_top_int=\count154
\l__sort_max_int=\count155
\l__sort_true_max_int=\count156
\l__sort_block_int=\count157
\l__sort_begin_int=\count158
\l__sort_end_int=\count159
\l__sort_A_int=\count160
\l__sort_B_int=\count161
\l__sort_C_int=\count162
\l__tl_analysis_normal_int=\count163
\l__tl_analysis_index_int=\count164
\l__tl_analysis_nesting_int=\count165
\l__tl_analysis_type_int=\count166
\l__regex_internal_a_int=\count167
\l__regex_internal_b_int=\count168
\l__regex_internal_c_int=\count169
\l__regex_balance_int=\count170
\l__regex_group_level_int=\count171
\l__regex_mode_int=\count172
\c__regex_cs_in_class_mode_int=\count173
\c__regex_cs_mode_int=\count174
\l__regex_catcodes_int=\count175
\l__regex_default_catcodes_int=\count176
\c__regex_catcode_D_int=\count177
\c__regex_catcode_S_int=\count178
\c__regex_catcode_L_int=\count179
\c__regex_catcode_O_int=\count180
\c__regex_catcode_A_int=\count181
\c__regex_all_catcodes_int=\count182
\l__regex_show_lines_int=\count183
\l__regex_min_state_int=\count184
\l__regex_max_state_int=\count185
\l__regex_left_state_int=\count186
\l__regex_right_state_int=\count187
\l__regex_capturing_group_int=\count188
\l__regex_min_pos_int=\count189
\l__regex_max_pos_int=\count190
\l__regex_curr_pos_int=\count191
\l__regex_start_pos_int=\count192
\l__regex_success_pos_int=\count193
\l__regex_curr_char_int=\count194
\l__regex_curr_catcode_int=\count195
\l__regex_last_char_int=\count196
\l__regex_case_changed_char_int=\count197
\l__regex_curr_state_int=\count198
\l__regex_step_int=\count199
\l__regex_min_active_int=\count266
\l__regex_max_active_int=\count267
\l__regex_replacement_csnames_int=\count268
\l__regex_match_count_int=\count269
\l__regex_min_submatch_int=\count270
\l__regex_submatch_int=\count271
\l__regex_zeroth_submatch_int=\count272
\g__regex_trace_regex_int=\count273
\c_empty_box=\box33
\l_tmpa_box=\box34
\l_tmpb_box=\box35
\g_tmpa_box=\box36
\g_tmpb_box=\box37
\l__box_top_dim=\dimen148
\l__box_bottom_dim=\dimen149
\l__box_left_dim=\dimen150
\l__box_right_dim=\dimen151
\l__box_top_new_dim=\dimen152
\l__box_bottom_new_dim=\dimen153
\l__box_left_new_dim=\dimen154
\l__box_right_new_dim=\dimen155
\l__box_internal_box=\box38
\l__coffin_internal_box=\box39
\l__coffin_internal_dim=\dimen156
\l__coffin_offset_x_dim=\dimen157
\l__coffin_offset_y_dim=\dimen158
\l__coffin_x_dim=\dimen159
\l__coffin_y_dim=\dimen160
\l__coffin_x_prime_dim=\dimen161
\l__coffin_y_prime_dim=\dimen162
\c_empty_coffin=\box40
\l__coffin_aligned_coffin=\box41
\l__coffin_aligned_internal_coffin=\box42
\l_tmpa_coffin=\box43
\l_tmpb_coffin=\box44
\g_tmpa_coffin=\box45
\g_tmpb_coffin=\box46
\l__coffin_bounding_shift_dim=\dimen163
\l__coffin_left_corner_dim=\dimen164
\l__coffin_right_corner_dim=\dimen165
\l__coffin_bottom_corner_dim=\dimen166
\l__coffin_top_corner_dim=\dimen167
\l__coffin_scaled_total_height_dim=\dimen168
\l__coffin_scaled_width_dim=\dimen169
\c__coffin_empty_coffin=\box47
\l__coffin_display_coffin=\box48
\l__coffin_display_coord_coffin=\box49
\l__coffin_display_pole_coffin=\box50
\l__coffin_display_offset_dim=\dimen170
\l__coffin_display_x_dim=\dimen171
\l__coffin_display_y_dim=\dimen172
\g__file_internal_ior=\read1
\l__seq_internal_a_int=\count274
\l__seq_internal_b_int=\count275
\c__deprecation_minus_one=\count276
) ("C:\Users\Depp Pc\AppData\Roaming\MiKTeX\2.9\tex/latex/l3kernel\l3pdfmode.de
f"
File: l3pdfmode.def 2019-04-06 v L3 Experimental driver: PDF mode
\l__driver_internal_box=\box51
\l__driver_color_stack_int=\count277
))
("C:\Users\Depp Pc\AppData\Roaming\MiKTeX\2.9\tex/latex/l3packages/xparse\xpars
e.sty"
Package: xparse 2019-05-28 L3 Experimental document command parser
\l__xparse_current_arg_int=\count278
\g__xparse_grabber_int=\count279
\l__xparse_m_args_int=\count280
\l__xparse_v_nesting_int=\count281
)
Package: lipsum 2019/01/02 v2.2 150 paragraphs of Lorem Ipsum dummy text
("C:\Users\Depp Pc\AppData\Roaming\MiKTeX\2.9\tex/latex/lipsum\lipsum.ltd.tex"
File: lipsum.ltd.tex 2019/01/02 v2.2 The Lorem ipsum dummy text
)) ("C:\Users\Depp Pc\AppData\Roaming\MiKTeX\2.9\tex/latex/tocloft\tocloft.sty"
Package: tocloft 2017/08/31 v2.3i parameterised ToC, etc., typesetting
Package tocloft Info: The document has section divisions on input line 51.
\cftparskip=\skip61
\cftbeforetoctitleskip=\skip62
\cftaftertoctitleskip=\skip63
\cftbeforepartskip=\skip64
\cftpartnumwidth=\skip65
\cftpartindent=\skip66
\cftbeforesecskip=\skip67
\cftsecindent=\skip68
\cftsecnumwidth=\skip69
\cftbeforesubsecskip=\skip70
\cftsubsecindent=\skip71
\cftsubsecnumwidth=\skip72
\cftbeforesubsubsecskip=\skip73
\cftsubsubsecindent=\skip74
\cftsubsubsecnumwidth=\skip75
\cftbeforeparaskip=\skip76
\cftparaindent=\skip77
\cftparanumwidth=\skip78
\cftbeforesubparaskip=\skip79
\cftsubparaindent=\skip80
\cftsubparanumwidth=\skip81
\cftbeforeloftitleskip=\skip82
\cftafterloftitleskip=\skip83
\cftbeforefigskip=\skip84
\cftfigindent=\skip85
\cftfignumwidth=\skip86
\c@lofdepth=\count282
\c@lotdepth=\count283
\cftbeforelottitleskip=\skip87
\cftafterlottitleskip=\skip88
\cftbeforetabskip=\skip89
\cfttabindent=\skip90
\cfttabnumwidth=\skip91

Package tocloft Warning: \@starttoc has already been redefined; tocloft bailing
 out. on input line 1147.

) ("C:\Users\Depp Pc\AppData\Roaming\MiKTeX\2.9\tex/latex/tabu\tabu.sty"
Package: tabu 2019/01/11 v2.9 - flexible LaTeX tabulars (FC+tabu-fixed)
("C:\Program Files\MiKTeX 2.9\tex/latex/tools\array.sty"
Package: array 2018/12/30 v2.4k Tabular extension package (FMi)
\col@sep=\dimen173
\ar@mcellbox=\box52
\extrarowheight=\dimen174
\NC@list=\toks26
\extratabsurround=\skip92
\backup@length=\skip93
\ar@cellbox=\box53
) ("C:\Users\Depp Pc\AppData\Roaming\MiKTeX\2.9\tex/latex/varwidth\varwidth.sty
"
Package: varwidth 2009/03/30 ver 0.92;  Variable-width minipages
\@vwid@box=\box54
\sift@deathcycles=\count284
\@vwid@loff=\dimen175
\@vwid@roff=\dimen176
)
\c@taburow=\count285
\tabu@nbcols=\count286
\tabu@cnt=\count287
\tabu@Xcol=\count288
\tabu@alloc=\count289
\tabu@nested=\count290
\tabu@target=\dimen177
\tabu@spreadtarget=\dimen178
\tabu@naturalX=\dimen179
\tabucolX=\dimen180
\tabu@Xsum=\dimen181
\extrarowdepth=\dimen182
\abovetabulinesep=\dimen183
\belowtabulinesep=\dimen184
\tabustrutrule=\dimen185
\tabu@thebody=\toks27
\tabu@footnotes=\toks28
\tabu@box=\box55
\tabu@arstrutbox=\box56
\tabu@hleads=\box57
\tabu@vleads=\box58
\tabu@cellskip=\skip94
) ("C:\Users\Depp Pc\AppData\Roaming\MiKTeX\2.9\tex/latex/tocbibind\tocbibind.s
ty"
Package: tocbibind 2010/10/13 v1.5k extra ToC listings
Package tocbibind Info: The document has section divisions on input line 50.

Package tocbibind Note: Using section or other style headings.

) ("C:\Users\Depp Pc\AppData\Roaming\MiKTeX\2.9\tex/latex/todonotes\todonotes.s
ty"
Package: todonotes 2019/01/24 v1.1.2 Todonotes source and documentation.
Package: todonotes 2018/11/22
("C:\Program Files\MiKTeX 2.9\tex/latex/base\ifthen.sty"
Package: ifthen 2014/09/29 v1.1c Standard LaTeX ifthen package (DPC)
) ("C:\Program Files\MiKTeX 2.9\tex/latex/xkeyval\xkeyval.sty"
Package: xkeyval 2014/12/03 v2.7a package option processing (HA)
("C:\Program Files\MiKTeX 2.9\tex/generic/xkeyval\xkeyval.tex" ("C:\Program Fil
es\MiKTeX 2.9\tex/generic/xkeyval\xkvutils.tex"
\XKV@toks=\toks29
\XKV@tempa@toks=\toks30
)
\XKV@depth=\count291
File: xkeyval.tex 2014/12/03 v2.7a key=value parser (HA)
)) ("C:\Users\Depp Pc\AppData\Roaming\MiKTeX\2.9\tex/latex/xcolor\xcolor.sty"
Package: xcolor 2016/05/11 v2.12 LaTeX color extensions (UK)
("C:\Program Files\MiKTeX 2.9\tex/latex/graphics-cfg\color.cfg"
File: color.cfg 2016/01/02 v1.6 sample color configuration
)
Package xcolor Info: Driver file: pdftex.def on input line 225.
Package xcolor Info: Model `cmy' substituted by `cmy0' on input line 1348.
Package xcolor Info: Model `hsb' substituted by `rgb' on input line 1352.
Package xcolor Info: Model `RGB' extended on input line 1364.
Package xcolor Info: Model `HTML' substituted by `rgb' on input line 1366.
Package xcolor Info: Model `Hsb' substituted by `hsb' on input line 1367.
Package xcolor Info: Model `tHsb' substituted by `hsb' on input line 1368.
Package xcolor Info: Model `HSB' substituted by `hsb' on input line 1369.
Package xcolor Info: Model `Gray' substituted by `gray' on input line 1370.
Package xcolor Info: Model `wave' substituted by `hsb' on input line 1371.
)
("C:\Users\Depp Pc\AppData\Roaming\MiKTeX\2.9\tex/latex/pgf/frontendlayer\tikz.
sty" ("C:\Users\Depp Pc\AppData\Roaming\MiKTeX\2.9\tex/latex/pgf/basiclayer\pgf
.sty"
("C:\Users\Depp Pc\AppData\Roaming\MiKTeX\2.9\tex/latex/pgf/utilities\pgfrcs.st
y"
("C:\Users\Depp Pc\AppData\Roaming\MiKTeX\2.9\tex/generic/pgf/utilities\pgfutil
-common.tex"
\pgfutil@everybye=\toks31
\pgfutil@tempdima=\dimen186
\pgfutil@tempdimb=\dimen187

("C:\Users\Depp Pc\AppData\Roaming\MiKTeX\2.9\tex/generic/pgf/utilities\pgfutil
-common-lists.tex"))
("C:\Users\Depp Pc\AppData\Roaming\MiKTeX\2.9\tex/generic/pgf/utilities\pgfutil
-latex.def"
\pgfutil@abb=\box59
("C:\Users\Depp Pc\AppData\Roaming\MiKTeX\2.9\tex/latex/ms\everyshi.sty"
Package: everyshi 2001/05/15 v3.00 EveryShipout Package (MS)
))
("C:\Users\Depp Pc\AppData\Roaming\MiKTeX\2.9\tex/generic/pgf/utilities\pgfrcs.
code.tex" ("C:\Users\Depp Pc\AppData\Roaming\MiKTeX\2.9\tex/generic/pgf\pgf.rev
ision.tex")
Package: pgfrcs 2019/05/09 v3.1.3 (3.1.3)
))
Package: pgf 2019/05/09 v3.1.3 (3.1.3)

("C:\Users\Depp Pc\AppData\Roaming\MiKTeX\2.9\tex/latex/pgf/basiclayer\pgfcore.
sty"
("C:\Users\Depp Pc\AppData\Roaming\MiKTeX\2.9\tex/latex/pgf/systemlayer\pgfsys.
sty"
("C:\Users\Depp Pc\AppData\Roaming\MiKTeX\2.9\tex/generic/pgf/systemlayer\pgfsy
s.code.tex"
Package: pgfsys 2019/05/09 v3.1.3 (3.1.3)

("C:\Users\Depp Pc\AppData\Roaming\MiKTeX\2.9\tex/generic/pgf/utilities\pgfkeys
.code.tex"
\pgfkeys@pathtoks=\toks32
\pgfkeys@temptoks=\toks33

("C:\Users\Depp Pc\AppData\Roaming\MiKTeX\2.9\tex/generic/pgf/utilities\pgfkeys
filtered.code.tex"
\pgfkeys@tmptoks=\toks34
))
\pgf@x=\dimen188
\pgf@y=\dimen189
\pgf@xa=\dimen190
\pgf@ya=\dimen191
\pgf@xb=\dimen192
\pgf@yb=\dimen193
\pgf@xc=\dimen194
\pgf@yc=\dimen195
\pgf@xd=\dimen196
\pgf@yd=\dimen197
\w@pgf@writea=\write3
\r@pgf@reada=\read2
\c@pgf@counta=\count292
\c@pgf@countb=\count293
\c@pgf@countc=\count294
\c@pgf@countd=\count295
\t@pgf@toka=\toks35
\t@pgf@tokb=\toks36
\t@pgf@tokc=\toks37
\pgf@sys@id@count=\count296

("C:\Users\Depp Pc\AppData\Roaming\MiKTeX\2.9\tex/generic/pgf/systemlayer\pgf.c
fg"
File: pgf.cfg 2019/05/09 v3.1.3 (3.1.3)
)
Driver file for pgf: pgfsys-pdftex.def

("C:\Users\Depp Pc\AppData\Roaming\MiKTeX\2.9\tex/generic/pgf/systemlayer\pgfsy
s-pdftex.def"
File: pgfsys-pdftex.def 2019/05/09 v3.1.3 (3.1.3)

("C:\Users\Depp Pc\AppData\Roaming\MiKTeX\2.9\tex/generic/pgf/systemlayer\pgfsy
s-common-pdf.def"
File: pgfsys-common-pdf.def 2019/05/09 v3.1.3 (3.1.3)
)))
("C:\Users\Depp Pc\AppData\Roaming\MiKTeX\2.9\tex/generic/pgf/systemlayer\pgfsy
ssoftpath.code.tex"
File: pgfsyssoftpath.code.tex 2019/05/09 v3.1.3 (3.1.3)
\pgfsyssoftpath@smallbuffer@items=\count297
\pgfsyssoftpath@bigbuffer@items=\count298
)
("C:\Users\Depp Pc\AppData\Roaming\MiKTeX\2.9\tex/generic/pgf/systemlayer\pgfsy
sprotocol.code.tex"
File: pgfsysprotocol.code.tex 2019/05/09 v3.1.3 (3.1.3)
))
("C:\Users\Depp Pc\AppData\Roaming\MiKTeX\2.9\tex/generic/pgf/basiclayer\pgfcor
e.code.tex"
Package: pgfcore 2019/05/09 v3.1.3 (3.1.3)

("C:\Users\Depp Pc\AppData\Roaming\MiKTeX\2.9\tex/generic/pgf/math\pgfmath.code
.tex"
("C:\Users\Depp Pc\AppData\Roaming\MiKTeX\2.9\tex/generic/pgf/math\pgfmathcalc.
code.tex"
("C:\Users\Depp Pc\AppData\Roaming\MiKTeX\2.9\tex/generic/pgf/math\pgfmathutil.
code.tex")
("C:\Users\Depp Pc\AppData\Roaming\MiKTeX\2.9\tex/generic/pgf/math\pgfmathparse
r.code.tex"
\pgfmath@dimen=\dimen198
\pgfmath@count=\count299
\pgfmath@box=\box60
\pgfmath@toks=\toks38
\pgfmath@stack@operand=\toks39
\pgfmath@stack@operation=\toks40
)
("C:\Users\Depp Pc\AppData\Roaming\MiKTeX\2.9\tex/generic/pgf/math\pgfmathfunct
ions.code.tex"
("C:\Users\Depp Pc\AppData\Roaming\MiKTeX\2.9\tex/generic/pgf/math\pgfmathfunct
ions.basic.code.tex")
("C:\Users\Depp Pc\AppData\Roaming\MiKTeX\2.9\tex/generic/pgf/math\pgfmathfunct
ions.trigonometric.code.tex")
("C:\Users\Depp Pc\AppData\Roaming\MiKTeX\2.9\tex/generic/pgf/math\pgfmathfunct
ions.random.code.tex")
("C:\Users\Depp Pc\AppData\Roaming\MiKTeX\2.9\tex/generic/pgf/math\pgfmathfunct
ions.comparison.code.tex")
("C:\Users\Depp Pc\AppData\Roaming\MiKTeX\2.9\tex/generic/pgf/math\pgfmathfunct
ions.base.code.tex")
("C:\Users\Depp Pc\AppData\Roaming\MiKTeX\2.9\tex/generic/pgf/math\pgfmathfunct
ions.round.code.tex")
("C:\Users\Depp Pc\AppData\Roaming\MiKTeX\2.9\tex/generic/pgf/math\pgfmathfunct
ions.misc.code.tex")
("C:\Users\Depp Pc\AppData\Roaming\MiKTeX\2.9\tex/generic/pgf/math\pgfmathfunct
ions.integerarithmetics.code.tex")))
("C:\Users\Depp Pc\AppData\Roaming\MiKTeX\2.9\tex/generic/pgf/math\pgfmathfloat
.code.tex"
\c@pgfmathroundto@lastzeros=\count300
))
("C:\Users\Depp Pc\AppData\Roaming\MiKTeX\2.9\tex/generic/pgf/math\pgfint.code.
tex")
("C:\Users\Depp Pc\AppData\Roaming\MiKTeX\2.9\tex/generic/pgf/basiclayer\pgfcor
epoints.code.tex"
File: pgfcorepoints.code.tex 2019/05/09 v3.1.3 (3.1.3)
\pgf@picminx=\dimen199
\pgf@picmaxx=\dimen256
\pgf@picminy=\dimen257
\pgf@picmaxy=\dimen258
\pgf@pathminx=\dimen259
\pgf@pathmaxx=\dimen260
\pgf@pathminy=\dimen261
\pgf@pathmaxy=\dimen262
\pgf@xx=\dimen263
\pgf@xy=\dimen264
\pgf@yx=\dimen265
\pgf@yy=\dimen266
\pgf@zx=\dimen267
\pgf@zy=\dimen268
)
("C:\Users\Depp Pc\AppData\Roaming\MiKTeX\2.9\tex/generic/pgf/basiclayer\pgfcor
epathconstruct.code.tex"
File: pgfcorepathconstruct.code.tex 2019/05/09 v3.1.3 (3.1.3)
\pgf@path@lastx=\dimen269
\pgf@path@lasty=\dimen270
)
("C:\Users\Depp Pc\AppData\Roaming\MiKTeX\2.9\tex/generic/pgf/basiclayer\pgfcor
epathusage.code.tex"
File: pgfcorepathusage.code.tex 2019/05/09 v3.1.3 (3.1.3)
\pgf@shorten@end@additional=\dimen271
\pgf@shorten@start@additional=\dimen272
)
("C:\Users\Depp Pc\AppData\Roaming\MiKTeX\2.9\tex/generic/pgf/basiclayer\pgfcor
escopes.code.tex"
File: pgfcorescopes.code.tex 2019/05/09 v3.1.3 (3.1.3)
\pgfpic=\box61
\pgf@hbox=\box62
\pgf@layerbox@main=\box63
\pgf@picture@serial@count=\count301
)
("C:\Users\Depp Pc\AppData\Roaming\MiKTeX\2.9\tex/generic/pgf/basiclayer\pgfcor
egraphicstate.code.tex"
File: pgfcoregraphicstate.code.tex 2019/05/09 v3.1.3 (3.1.3)
\pgflinewidth=\dimen273
)
("C:\Users\Depp Pc\AppData\Roaming\MiKTeX\2.9\tex/generic/pgf/basiclayer\pgfcor
etransformations.code.tex"
File: pgfcoretransformations.code.tex 2019/05/09 v3.1.3 (3.1.3)
\pgf@pt@x=\dimen274
\pgf@pt@y=\dimen275
\pgf@pt@temp=\dimen276
)
("C:\Users\Depp Pc\AppData\Roaming\MiKTeX\2.9\tex/generic/pgf/basiclayer\pgfcor
equick.code.tex"
File: pgfcorequick.code.tex 2019/05/09 v3.1.3 (3.1.3)
)
("C:\Users\Depp Pc\AppData\Roaming\MiKTeX\2.9\tex/generic/pgf/basiclayer\pgfcor
eobjects.code.tex"
File: pgfcoreobjects.code.tex 2019/05/09 v3.1.3 (3.1.3)
)
("C:\Users\Depp Pc\AppData\Roaming\MiKTeX\2.9\tex/generic/pgf/basiclayer\pgfcor
epathprocessing.code.tex"
File: pgfcorepathprocessing.code.tex 2019/05/09 v3.1.3 (3.1.3)
)
("C:\Users\Depp Pc\AppData\Roaming\MiKTeX\2.9\tex/generic/pgf/basiclayer\pgfcor
earrows.code.tex"
File: pgfcorearrows.code.tex 2019/05/09 v3.1.3 (3.1.3)
\pgfarrowsep=\dimen277
)
("C:\Users\Depp Pc\AppData\Roaming\MiKTeX\2.9\tex/generic/pgf/basiclayer\pgfcor
eshade.code.tex"
File: pgfcoreshade.code.tex 2019/05/09 v3.1.3 (3.1.3)
\pgf@max=\dimen278
\pgf@sys@shading@range@num=\count302
\pgf@shadingcount=\count303
)
("C:\Users\Depp Pc\AppData\Roaming\MiKTeX\2.9\tex/generic/pgf/basiclayer\pgfcor
eimage.code.tex"
File: pgfcoreimage.code.tex 2019/05/09 v3.1.3 (3.1.3)

("C:\Users\Depp Pc\AppData\Roaming\MiKTeX\2.9\tex/generic/pgf/basiclayer\pgfcor
eexternal.code.tex"
File: pgfcoreexternal.code.tex 2019/05/09 v3.1.3 (3.1.3)
\pgfexternal@startupbox=\box64
))
("C:\Users\Depp Pc\AppData\Roaming\MiKTeX\2.9\tex/generic/pgf/basiclayer\pgfcor
elayers.code.tex"
File: pgfcorelayers.code.tex 2019/05/09 v3.1.3 (3.1.3)
)
("C:\Users\Depp Pc\AppData\Roaming\MiKTeX\2.9\tex/generic/pgf/basiclayer\pgfcor
etransparency.code.tex"
File: pgfcoretransparency.code.tex 2019/05/09 v3.1.3 (3.1.3)
)
("C:\Users\Depp Pc\AppData\Roaming\MiKTeX\2.9\tex/generic/pgf/basiclayer\pgfcor
epatterns.code.tex"
File: pgfcorepatterns.code.tex 2019/05/09 v3.1.3 (3.1.3)
)
("C:\Users\Depp Pc\AppData\Roaming\MiKTeX\2.9\tex/generic/pgf/basiclayer\pgfcor
erdf.code.tex"
File: pgfcorerdf.code.tex 2019/05/09 v3.1.3 (3.1.3)
)))
("C:\Users\Depp Pc\AppData\Roaming\MiKTeX\2.9\tex/generic/pgf/modules\pgfmodule
shapes.code.tex"
File: pgfmoduleshapes.code.tex 2019/05/09 v3.1.3 (3.1.3)
\pgfnodeparttextbox=\box65
)
("C:\Users\Depp Pc\AppData\Roaming\MiKTeX\2.9\tex/generic/pgf/modules\pgfmodule
plot.code.tex"
File: pgfmoduleplot.code.tex 2019/05/09 v3.1.3 (3.1.3)
)
("C:\Users\Depp Pc\AppData\Roaming\MiKTeX\2.9\tex/latex/pgf/compatibility\pgfco
mp-version-0-65.sty"
Package: pgfcomp-version-0-65 2019/05/09 v3.1.3 (3.1.3)
\pgf@nodesepstart=\dimen279
\pgf@nodesepend=\dimen280
)
("C:\Users\Depp Pc\AppData\Roaming\MiKTeX\2.9\tex/latex/pgf/compatibility\pgfco
mp-version-1-18.sty"
Package: pgfcomp-version-1-18 2019/05/09 v3.1.3 (3.1.3)
))
("C:\Users\Depp Pc\AppData\Roaming\MiKTeX\2.9\tex/latex/pgf/utilities\pgffor.st
y"
("C:\Users\Depp Pc\AppData\Roaming\MiKTeX\2.9\tex/latex/pgf/utilities\pgfkeys.s
ty"
("C:\Users\Depp Pc\AppData\Roaming\MiKTeX\2.9\tex/generic/pgf/utilities\pgfkeys
.code.tex")) ("C:\Users\Depp Pc\AppData\Roaming\MiKTeX\2.9\tex/latex/pgf/math\p
gfmath.sty"
("C:\Users\Depp Pc\AppData\Roaming\MiKTeX\2.9\tex/generic/pgf/math\pgfmath.code
.tex"))
("C:\Users\Depp Pc\AppData\Roaming\MiKTeX\2.9\tex/generic/pgf/utilities\pgffor.
code.tex"
Package: pgffor 2019/05/09 v3.1.3 (3.1.3)

("C:\Users\Depp Pc\AppData\Roaming\MiKTeX\2.9\tex/generic/pgf/math\pgfmath.code
.tex")
\pgffor@iter=\dimen281
\pgffor@skip=\dimen282
\pgffor@stack=\toks41
\pgffor@toks=\toks42
))
("C:\Users\Depp Pc\AppData\Roaming\MiKTeX\2.9\tex/generic/pgf/frontendlayer/tik
z\tikz.code.tex"
Package: tikz 2019/05/09 v3.1.3 (3.1.3)

("C:\Users\Depp Pc\AppData\Roaming\MiKTeX\2.9\tex/generic/pgf/libraries\pgflibr
aryplothandlers.code.tex"
File: pgflibraryplothandlers.code.tex 2019/05/09 v3.1.3 (3.1.3)
\pgf@plot@mark@count=\count304
\pgfplotmarksize=\dimen283
)
\tikz@lastx=\dimen284
\tikz@lasty=\dimen285
\tikz@lastxsaved=\dimen286
\tikz@lastysaved=\dimen287
\tikzleveldistance=\dimen288
\tikzsiblingdistance=\dimen289
\tikz@figbox=\box66
\tikz@figbox@bg=\box67
\tikz@tempbox=\box68
\tikz@tempbox@bg=\box69
\tikztreelevel=\count305
\tikznumberofchildren=\count306
\tikznumberofcurrentchild=\count307
\tikz@fig@count=\count308

("C:\Users\Depp Pc\AppData\Roaming\MiKTeX\2.9\tex/generic/pgf/modules\pgfmodule
matrix.code.tex"
File: pgfmodulematrix.code.tex 2019/05/09 v3.1.3 (3.1.3)
\pgfmatrixcurrentrow=\count309
\pgfmatrixcurrentcolumn=\count310
\pgf@matrix@numberofcolumns=\count311
)
\tikz@expandcount=\count312

("C:\Users\Depp Pc\AppData\Roaming\MiKTeX\2.9\tex/generic/pgf/frontendlayer/tik
z/libraries\tikzlibrarytopaths.code.tex"
File: tikzlibrarytopaths.code.tex 2019/05/09 v3.1.3 (3.1.3)
)))
("C:\Users\Depp Pc\AppData\Roaming\MiKTeX\2.9\tex/generic/pgf/frontendlayer/tik
z/libraries\tikzlibrarypositioning.code.tex"
File: tikzlibrarypositioning.code.tex 2019/05/09 v3.1.3 (3.1.3)
)
("C:\Users\Depp Pc\AppData\Roaming\MiKTeX\2.9\tex/generic/pgf/frontendlayer/tik
z/libraries\tikzlibraryshadows.code.tex"
File: tikzlibraryshadows.code.tex 2019/05/09 v3.1.3 (3.1.3)

("C:\Users\Depp Pc\AppData\Roaming\MiKTeX\2.9\tex/generic/pgf/frontendlayer/tik
z/libraries\tikzlibraryfadings.code.tex"
File: tikzlibraryfadings.code.tex 2019/05/09 v3.1.3 (3.1.3)

("C:\Users\Depp Pc\AppData\Roaming\MiKTeX\2.9\tex/generic/pgf/libraries\pgflibr
aryfadings.code.tex"
File: pgflibraryfadings.code.tex 2019/05/09 v3.1.3 (3.1.3)
))) ("C:\Program Files\MiKTeX 2.9\tex/latex/tools\calc.sty"
Package: calc 2017/05/25 v4.3 Infix arithmetic (KKT,FJ)
\calc@Acount=\count313
\calc@Bcount=\count314
\calc@Adimen=\dimen290
\calc@Bdimen=\dimen291
\calc@Askip=\skip95
\calc@Bskip=\skip96
LaTeX Info: Redefining \setlength on input line 80.
LaTeX Info: Redefining \addtolength on input line 81.
\calc@Ccount=\count315
\calc@Cskip=\skip97
)
\c@@todonotes@numberoftodonotes=\count316
)
("C:\Users\Depp Pc\AppData\Roaming\MiKTeX\2.9\tex/latex/morefloats\morefloats.s
ty"
Package: morefloats 2015/07/22 v1.0h Raise limit of unprocessed floats (HMM)
Package morefloats Info: Maximum number of possible floats asked for: 36
(morefloats)             (i.e. 18 more floats).
(morefloats)             LaTeX might run out of memory before this
(morefloats)             (in which case it will notify you).
) ("C:\Program Files\MiKTeX 2.9\tex/latex/float\float.sty"
Package: float 2001/11/08 v1.3d Float enhancements (AL)
\c@float@type=\count317
\float@exts=\toks43
\float@box=\box70
\@float@everytoks=\toks44
\@floatcapt=\box71
) ("C:\Users\Depp Pc\AppData\Roaming\MiKTeX\2.9\tex/latex/soul\soul.sty"
Package: soul 2003/11/17 v2.4 letterspacing/underlining (mf)
\SOUL@word=\toks45
\SOUL@lasttoken=\toks46
\SOUL@cmds=\toks47
\SOUL@buffer=\toks48
\SOUL@token=\toks49
\SOUL@spaceskip=\skip98
\SOUL@ttwidth=\dimen292
\SOUL@uldp=\dimen293
\SOUL@ulht=\dimen294
) ("C:\Users\Depp Pc\AppData\Roaming\MiKTeX\2.9\tex/latex/cleveref\cleveref.sty
"
Package: cleveref 2018/03/27 v0.21.4 Intelligent cross-referencing
Package cleveref Info: `hyperref' support loaded on input line 2370.
LaTeX Info: Redefining \cref on input line 2370.
LaTeX Info: Redefining \Cref on input line 2370.
LaTeX Info: Redefining \crefrange on input line 2370.
LaTeX Info: Redefining \Crefrange on input line 2370.
LaTeX Info: Redefining \cpageref on input line 2370.
LaTeX Info: Redefining \Cpageref on input line 2370.
LaTeX Info: Redefining \cpagerefrange on input line 2370.
LaTeX Info: Redefining \Cpagerefrange on input line 2370.
LaTeX Info: Redefining \labelcref on input line 2370.
LaTeX Info: Redefining \labelcpageref on input line 2370.
)
   defining Unicode char U+2714 (decimal 10004)
("C:\Program Files\MiKTeX 2.9\tex/latex/multirow\multirow.sty"
Package: multirow 2019/01/01 v2.4 Span multiple rows of a table
\multirow@colwidth=\skip99
\multirow@cntb=\count318
\multirow@dima=\skip100
\bigstrutjot=\dimen295
) ("C:\Users\Depp Pc\AppData\Roaming\MiKTeX\2.9\tex/latex/wrapfig\wrapfig.sty"
\wrapoverhang=\dimen296
\WF@size=\dimen297
\c@WF@wrappedlines=\count319
\WF@box=\box72
\WF@everypar=\toks50
Package: wrapfig 2003/01/31  v 3.6
) ("C:\Users\Depp Pc\AppData\Roaming\MiKTeX\2.9\tex/latex/colortbl\colortbl.sty
"
Package: colortbl 2018/12/12 v1.0d Color table columns (DPC)
\everycr=\toks51
\minrowclearance=\skip101
) ("C:\Program Files\MiKTeX 2.9\tex/latex/oberdiek\pdflscape.sty"
Package: pdflscape 2016/05/14 v0.11 Display of landscape pages in PDF (HO)
("C:\Program Files\MiKTeX 2.9\tex/latex/graphics\lscape.sty"
Package: lscape 2000/10/22 v3.01 Landscape Pages (DPC)
)
Package pdflscape Info: Auto-detected driver: pdftex on input line 81.
)
("C:\Users\Depp Pc\AppData\Roaming\MiKTeX\2.9\tex/latex/threeparttable\threepar
ttable.sty"
Package: threeparttable 2003/06/13  v 3.0
\@tempboxb=\box73
)
("C:\Users\Depp Pc\AppData\Roaming\MiKTeX\2.9\tex/latex/threeparttablex\threepa
rttablex.sty"
Package: threeparttablex 2013/07/23 v0.3 by daleif
("C:\Users\Depp Pc\AppData\Roaming\MiKTeX\2.9\tex/latex/environ\environ.sty"
Package: environ 2014/05/04 v0.3 A new way to define environments

("C:\Users\Depp Pc\AppData\Roaming\MiKTeX\2.9\tex/latex/trimspaces\trimspaces.s
ty"
Package: trimspaces 2009/09/17 v1.1 Trim spaces around a token list
))
\TPTL@width=\skip102
) ("C:\Users\Depp Pc\AppData\Roaming\MiKTeX\2.9\tex/latex/ulem\ulem.sty"
\UL@box=\box74
\UL@hyphenbox=\box75
\UL@skip=\skip103
\UL@hook=\toks52
\UL@height=\dimen298
\UL@pe=\count320
\UL@pixel=\dimen299
\ULC@box=\box76
Package: ulem 2012/05/18
\ULdepth=\dimen300
) ("C:\Users\Depp Pc\AppData\Roaming\MiKTeX\2.9\tex/latex/makecell\makecell.sty
"
Package: makecell 2009/08/03 V0.1e Managing of Tab Column Heads and Cells
\rotheadsize=\dimen301
\c@nlinenum=\count321
\TeXr@lab=\toks53
) (Report.aux)
\openout1 = `Report.aux'.

LaTeX Font Info:    Checking defaults for OML/cmm/m/it on input line 146.
LaTeX Font Info:    ... okay on input line 146.
LaTeX Font Info:    Checking defaults for T1/cmr/m/n on input line 146.
LaTeX Font Info:    ... okay on input line 146.
LaTeX Font Info:    Checking defaults for OT1/cmr/m/n on input line 146.
LaTeX Font Info:    ... okay on input line 146.
LaTeX Font Info:    Checking defaults for OMS/cmsy/m/n on input line 146.
LaTeX Font Info:    ... okay on input line 146.
LaTeX Font Info:    Checking defaults for OMX/cmex/m/n on input line 146.
LaTeX Font Info:    ... okay on input line 146.
LaTeX Font Info:    Checking defaults for U/cmr/m/n on input line 146.
LaTeX Font Info:    ... okay on input line 146.
LaTeX Font Info:    Checking defaults for TS1/cmr/m/n on input line 146.
LaTeX Font Info:    Try loading font information for TS1+cmr on input line 146.

("C:\Program Files\MiKTeX 2.9\tex/latex/base\ts1cmr.fd"
File: ts1cmr.fd 2014/09/29 v2.5h Standard LaTeX font definitions
)
LaTeX Font Info:    ... okay on input line 146.
LaTeX Font Info:    Checking defaults for PD1/pdf/m/n on input line 146.
LaTeX Font Info:    ... okay on input line 146.
LaTeX Font Info:    Checking defaults for PU/pdf/m/n on input line 146.
LaTeX Font Info:    ... okay on input line 146.
LaTeX Font Info:    Try loading font information for T1+lmr on input line 146.
("C:\Program Files\MiKTeX 2.9\tex/latex/lm\t1lmr.fd"
File: t1lmr.fd 2009/10/30 v1.6 Font defs for Latin Modern
)
LaTeX Info: Redefining \microtypecontext on input line 146.
Package microtype Info: Generating PDF output.
Package microtype Info: Character protrusion enabled (level 2).
Package microtype Info: Using protrusion set `basicmath'.
Package microtype Info: Automatic font expansion enabled (level 2),
(microtype)             stretch: 20, shrink: 20, step: 1, non-selected.
Package microtype Info: Using default expansion set `basictext'.
Package microtype Info: No adjustment of tracking.
Package microtype Info: No adjustment of interword spacing.
Package microtype Info: No adjustment of character kerning.
("C:\Users\Depp Pc\AppData\Roaming\MiKTeX\2.9\tex/latex/microtype\mt-cmr.cfg"
File: mt-cmr.cfg 2013/05/19 v2.2 microtype config. file: Computer Modern Roman 
(RS)
)
*geometry* driver: auto-detecting
*geometry* detected driver: pdftex
*geometry* verbose mode - [ preamble ] result:
* driver: pdftex
* paper: <default>
* layout: <same size as paper>
* layoutoffset:(h,v)=(0.0pt,0.0pt)
* modes: 
* h-part:(L,W,R)=(72.26999pt, 469.75502pt, 72.26999pt)
* v-part:(T,H,B)=(72.26999pt, 650.43001pt, 72.26999pt)
* \paperwidth=614.295pt
* \paperheight=794.96999pt
* \textwidth=469.75502pt
* \textheight=650.43001pt
* \oddsidemargin=0.0pt
* \evensidemargin=0.0pt
* \topmargin=-37.0pt
* \headheight=12.0pt
* \headsep=25.0pt
* \topskip=10.0pt
* \footskip=30.0pt
* \marginparwidth=65.0pt
* \marginparsep=11.0pt
* \columnsep=10.0pt
* \skip\footins=9.0pt plus 4.0pt minus 2.0pt
* \hoffset=0.0pt
* \voffset=0.0pt
* \mag=1000
* \@twocolumnfalse
* \@twosidefalse
* \@mparswitchfalse
* \@reversemarginfalse
* (1in=72.27pt=25.4mm, 1cm=28.453pt)

\AtBeginShipoutBox=\box77
Package hyperref Info: Link coloring OFF on input line 146.
("C:\Program Files\MiKTeX 2.9\tex/latex/hyperref\nameref.sty"
Package: nameref 2016/05/21 v2.44 Cross-referencing by name of section
("C:\Program Files\MiKTeX 2.9\tex/generic/oberdiek\gettitlestring.sty"
Package: gettitlestring 2016/05/16 v1.5 Cleanup title references (HO)
)
\c@section@level=\count322
)
LaTeX Info: Redefining \ref on input line 146.
LaTeX Info: Redefining \pageref on input line 146.
LaTeX Info: Redefining \nameref on input line 146.
(Report.out) (Report.out)
\@outlinefile=\write4
\openout4 = `Report.out'.


("C:\Users\Depp Pc\AppData\Roaming\MiKTeX\2.9\tex/context/base/mkii\supp-pdf.mk
ii"
[Loading MPS to PDF converter (version 2006.09.02).]
\scratchcounter=\count323
\scratchdimen=\dimen302
\scratchbox=\box78
\nofMPsegments=\count324
\nofMParguments=\count325
\everyMPshowfont=\toks54
\MPscratchCnt=\count326
\MPscratchDim=\dimen303
\MPnumerator=\count327
\makeMPintoPDFobject=\count328
\everyMPtoPDFconversion=\toks55
) ("C:\Program Files\MiKTeX 2.9\tex/latex/oberdiek\epstopdf-base.sty"
Package: epstopdf-base 2016/05/15 v2.6 Base part for package epstopdf
("C:\Program Files\MiKTeX 2.9\tex/latex/oberdiek\grfext.sty"
Package: grfext 2016/05/16 v1.2 Manage graphics extensions (HO)
)
Package epstopdf-base Info: Redefining graphics rule for `.eps' on input line 4
38.
Package grfext Info: Graphics extension search list:
(grfext)             [.pdf,.png,.jpg,.mps,.jpeg,.jbig2,.jb2,.PDF,.PNG,.JPG,.JPE
G,.JBIG2,.JB2,.eps]
(grfext)             \AppendGraphicsExtensions on input line 456.
) ABD: EveryShipout initializing macros [1

{C:/Users/Depp Pc/AppData/Local/MiKTeX/2.9/pdftex/config/pdftex.map}] (Report.t
oc
LaTeX Font Info:    Try loading font information for OT1+lmr on input line 1.
("C:\Program Files\MiKTeX 2.9\tex/latex/lm\ot1lmr.fd"
File: ot1lmr.fd 2009/10/30 v1.6 Font defs for Latin Modern
)
LaTeX Font Info:    Try loading font information for OML+lmm on input line 1.
("C:\Program Files\MiKTeX 2.9\tex/latex/lm\omllmm.fd"
File: omllmm.fd 2009/10/30 v1.6 Font defs for Latin Modern
)
LaTeX Font Info:    Try loading font information for OMS+lmsy on input line 1.
("C:\Program Files\MiKTeX 2.9\tex/latex/lm\omslmsy.fd"
File: omslmsy.fd 2009/10/30 v1.6 Font defs for Latin Modern
)
LaTeX Font Info:    Try loading font information for OMX+lmex on input line 1.
("C:\Program Files\MiKTeX 2.9\tex/latex/lm\omxlmex.fd"
File: omxlmex.fd 2009/10/30 v1.6 Font defs for Latin Modern
)
LaTeX Font Info:    External font `lmex10' loaded for size
(Font)              <10> on input line 1.
LaTeX Font Info:    External font `lmex10' loaded for size
(Font)              <7> on input line 1.
LaTeX Font Info:    External font `lmex10' loaded for size
(Font)              <5> on input line 1.
LaTeX Font Info:    Try loading font information for U+msa on input line 1.
("C:\Program Files\MiKTeX 2.9\tex/latex/amsfonts\umsa.fd"
File: umsa.fd 2013/01/14 v3.01 AMS symbols A
) ("C:\Users\Depp Pc\AppData\Roaming\MiKTeX\2.9\tex/latex/microtype\mt-msa.cfg"
File: mt-msa.cfg 2006/02/04 v1.1 microtype config. file: AMS symbols (a) (RS)
)
LaTeX Font Info:    Try loading font information for U+msb on input line 1.
("C:\Program Files\MiKTeX 2.9\tex/latex/amsfonts\umsb.fd"
File: umsb.fd 2013/01/14 v3.01 AMS symbols B
) ("C:\Users\Depp Pc\AppData\Roaming\MiKTeX\2.9\tex/latex/microtype\mt-msb.cfg"
File: mt-msb.cfg 2005/06/01 v1.0 microtype config. file: AMS symbols (b) (RS)
))
\tf@toc=\write5
\openout5 = `Report.toc'.

[1]
Underfull \hbox (badness 10000) in paragraph at lines 197--208

 []

[1] [2] [3]
<images/trans.jpg, id=180, 398.23781pt x 298.11375pt>
File: images/trans.jpg Graphic file (type jpg)
<use images/trans.jpg>
Package pdftex.def Info: images/trans.jpg  used on input line 245.
(pdftex.def)             Requested size: 234.8732pt x 175.8219pt.
<images/JV.jpg, id=181, 376.40625pt x 289.83281pt>
File: images/JV.jpg Graphic file (type jpg)
<use images/JV.jpg>
Package pdftex.def Info: images/JV.jpg  used on input line 251.
(pdftex.def)             Requested size: 234.88573pt x 180.86201pt.
[4pdfTeX warning (ext4): destination with the same identifier (name{figure.1}) 
has been already used, duplicate ignored

\AtBegShi@Output ...ipout \box \AtBeginShipoutBox 
                                                  \fi \fi 
l.254 
       <./images/trans.jpg>]
<images/block.jpg, id=191, 614.295pt x 91.84312pt>
File: images/block.jpg Graphic file (type jpg)
<use images/block.jpg>
Package pdftex.def Info: images/block.jpg  used on input line 261.
(pdftex.def)             Requested size: 469.75604pt x 70.23311pt.
[5pdfTeX warning (ext4): destination with the same identifier (name{figure.2}) 
has been already used, duplicate ignored

\AtBegShi@Output ...ipout \box \AtBeginShipoutBox 
                                                  \fi \fi 
l.268 
      pdfTeX warning (ext4): destination with the same identifier (name{figure.
3}) has been already used, duplicate ignored

\AtBegShi@Output ...ipout \box \AtBeginShipoutBox 
                                                  \fi \fi 
l.268 
       <./images/JV.jpg> <./images/block.jpg>]
<images/mlp.jpg, id=200, 293.59688pt x 264.23718pt>
File: images/mlp.jpg Graphic file (type jpg)
<use images/mlp.jpg>
Package pdftex.def Info: images/mlp.jpg  used on input line 278.
(pdftex.def)             Requested size: 234.8778pt x 211.39001pt.
[6pdfTeX warning (ext4): destination with the same identifier (name{figure.4}) 
has been already used, duplicate ignored

\AtBegShi@Output ...ipout \box \AtBeginShipoutBox 
                                                  \fi \fi 
l.284 
       <./images/mlp.jpg>]
<images/flann.jpg, id=208, 481.04718pt x 301.8778pt>
File: images/flann.jpg Graphic file (type jpg)
<use images/flann.jpg>
Package pdftex.def Info: images/flann.jpg  used on input line 302.
(pdftex.def)             Requested size: 469.76414pt x 294.7972pt.
[7] [8pdfTeX warning (ext4): destination with the same identifier (name{figure.
5}) has been already used, duplicate ignored

\AtBegShi@Output ...ipout \box \AtBeginShipoutBox 
                                                  \fi \fi 
l.325 
       <./images/flann.jpg>]
LaTeX Font Info:    Try loading font information for TS1+lmr on input line 334.

("C:\Program Files\MiKTeX 2.9\tex/latex/lm\ts1lmr.fd"
File: ts1lmr.fd 2009/10/30 v1.6 Font defs for Latin Modern
) [9pdfTeX warning (ext4): destination with the same identifier (name{table.1})
 has been already used, duplicate ignored

\AtBegShi@Output ...ipout \box \AtBeginShipoutBox 
                                                  \fi \fi 
l.362 \clearpage
                ]
<Report_files/figure-latex/transmitplot134-1.pdf, id=242, 433.62pt x 216.81pt>
File: Report_files/figure-latex/transmitplot134-1.pdf Graphic file (type pdf)
<use Report_files/figure-latex/transmitplot134-1.pdf>
Package pdftex.def Info: Report_files/figure-latex/transmitplot134-1.pdf  used 
on input line 415.
(pdftex.def)             Requested size: 433.63878pt x 216.81938pt.
[10pdfTeX warning (ext4): destination with the same identifier (name{table.2}) 
has been already used, duplicate ignored

\AtBegShi@Output ...ipout \box \AtBeginShipoutBox 
                                                  \fi \fi 
l.418 
      

]
<Report_files/figure-latex/transmitplot0-1.pdf, id=256, 433.62pt x 216.81pt>
File: Report_files/figure-latex/transmitplot0-1.pdf Graphic file (type pdf)
<use Report_files/figure-latex/transmitplot0-1.pdf>
Package pdftex.def Info: Report_files/figure-latex/transmitplot0-1.pdf  used on
 input line 423.
(pdftex.def)             Requested size: 433.63878pt x 216.81938pt.
<Report_files/figure-latex/transmitplot1-1.pdf, id=257, 433.62pt x 216.81pt>
File: Report_files/figure-latex/transmitplot1-1.pdf Graphic file (type pdf)
<use Report_files/figure-latex/transmitplot1-1.pdf>
Package pdftex.def Info: Report_files/figure-latex/transmitplot1-1.pdf  used on
 input line 429.
(pdftex.def)             Requested size: 433.63878pt x 216.81938pt.
[11pdfTeX warning (ext4): destination with the same identifier (name{figure.6})
 has been already used, duplicate ignored

\AtBegShi@Output ...ipout \box \AtBeginShipoutBox 
                                                  \fi \fi 
l.432 
      pdfTeX warning (ext4): destination with the same identifier (name{figure.
7}) has been already used, duplicate ignored

\AtBegShi@Output ...ipout \box \AtBeginShipoutBox 
                                                  \fi \fi 
l.432 
       <./Report_files/figure-latex/transmitplot134-1.pdf> <./Report_files/figu
re-latex/transmitplot0-1.pdf

pdfTeX warning: pdflatex.exe (file ./Report_files/figure-latex/transmitplot0-1.
pdf): PDF inclusion: multiple pdfs with page group included in a single page
>]
<Report_files/figure-latex/transmitplot25-1.pdf, id=348, 433.62pt x 216.81pt>
File: Report_files/figure-latex/transmitplot25-1.pdf Graphic file (type pdf)
<use Report_files/figure-latex/transmitplot25-1.pdf>
Package pdftex.def Info: Report_files/figure-latex/transmitplot25-1.pdf  used o
n input line 435.
(pdftex.def)             Requested size: 433.63878pt x 216.81938pt.
<Report_files/figure-latex/transmitplot6-1.pdf, id=349, 433.62pt x 216.81pt>
File: Report_files/figure-latex/transmitplot6-1.pdf Graphic file (type pdf)
<use Report_files/figure-latex/transmitplot6-1.pdf>
Package pdftex.def Info: Report_files/figure-latex/transmitplot6-1.pdf  used on
 input line 441.
(pdftex.def)             Requested size: 433.63878pt x 216.81938pt.
[12pdfTeX warning (ext4): destination with the same identifier (name{figure.8})
 has been already used, duplicate ignored

\AtBegShi@Output ...ipout \box \AtBeginShipoutBox 
                                                  \fi \fi 
l.444 
      pdfTeX warning (ext4): destination with the same identifier (name{figure.
9}) has been already used, duplicate ignored

\AtBegShi@Output ...ipout \box \AtBeginShipoutBox 
                                                  \fi \fi 
l.444 
       <./Report_files/figure-latex/transmitplot1-1.pdf> <./Report_files/figure
-latex/transmitplot25-1.pdf

pdfTeX warning: pdflatex.exe (file ./Report_files/figure-latex/transmitplot25-1
.pdf): PDF inclusion: multiple pdfs with page group included in a single page
>]
<Report_files/figure-latex/transmitplot30-1.pdf, id=435, 433.62pt x 216.81pt>
File: Report_files/figure-latex/transmitplot30-1.pdf Graphic file (type pdf)
<use Report_files/figure-latex/transmitplot30-1.pdf>
Package pdftex.def Info: Report_files/figure-latex/transmitplot30-1.pdf  used o
n input line 447.
(pdftex.def)             Requested size: 433.63878pt x 216.81938pt.
[13pdfTeX warning (ext4): destination with the same identifier (name{figure.10}
) has been already used, duplicate ignored

\AtBegShi@Output ...ipout \box \AtBeginShipoutBox 
                                                  \fi \fi 
l.451 \newpage
              pdfTeX warning (ext4): destination with the same identifier (name
{figure.11}) has been already used, duplicate ignored

\AtBegShi@Output ...ipout \box \AtBeginShipoutBox 
                                                  \fi \fi 
l.451 \newpage
               <./Report_files/figure-latex/transmitplot6-1.pdf> <./Report_file
s/figure-latex/transmitplot30-1.pdf

pdfTeX warning: pdflatex.exe (file ./Report_files/figure-latex/transmitplot30-1
.pdf): PDF inclusion: multiple pdfs with page group included in a single page
>]
<Report_files/figure-latex/transflannbar-1.pdf, id=520, 469.755pt x 325.215pt>
File: Report_files/figure-latex/transflannbar-1.pdf Graphic file (type pdf)
<use Report_files/figure-latex/transflannbar-1.pdf>
Package pdftex.def Info: Report_files/figure-latex/transflannbar-1.pdf  used on
 input line 460.
(pdftex.def)             Requested size: 469.75386pt x 325.2142pt.
<Report_files/figure-latex/transmitflannplot134-1.pdf, id=522, 433.62pt x 216.8
1pt>
File: Report_files/figure-latex/transmitflannplot134-1.pdf Graphic file (type p
df)
<use Report_files/figure-latex/transmitflannplot134-1.pdf>
Package pdftex.def Info: Report_files/figure-latex/transmitflannplot134-1.pdf  
used on input line 468.
(pdftex.def)             Requested size: 433.63878pt x 216.81938pt.
[14pdfTeX warning (ext4): destination with the same identifier (name{figure.12}
) has been already used, duplicate ignored

\AtBegShi@Output ...ipout \box \AtBeginShipoutBox 
                                                  \fi \fi 
l.471 
       <./Report_files/figure-latex/transflannbar-1.pdf>]
<Report_files/figure-latex/transmitflannplot0-1.pdf, id=582, 433.62pt x 216.81p
t>
File: Report_files/figure-latex/transmitflannplot0-1.pdf Graphic file (type pdf
)
<use Report_files/figure-latex/transmitflannplot0-1.pdf>
Package pdftex.def Info: Report_files/figure-latex/transmitflannplot0-1.pdf  us
ed on input line 476.
(pdftex.def)             Requested size: 433.63878pt x 216.81938pt.
<Report_files/figure-latex/transmitflannplot1-1.pdf, id=583, 433.62pt x 216.81p
t>
File: Report_files/figure-latex/transmitflannplot1-1.pdf Graphic file (type pdf
)
<use Report_files/figure-latex/transmitflannplot1-1.pdf>
Package pdftex.def Info: Report_files/figure-latex/transmitflannplot1-1.pdf  us
ed on input line 482.
(pdftex.def)             Requested size: 433.63878pt x 216.81938pt.
[15pdfTeX warning (ext4): destination with the same identifier (name{figure.13}
) has been already used, duplicate ignored

\AtBegShi@Output ...ipout \box \AtBeginShipoutBox 
                                                  \fi \fi 
l.485 
      pdfTeX warning (ext4): destination with the same identifier (name{figure.
14}) has been already used, duplicate ignored

\AtBegShi@Output ...ipout \box \AtBeginShipoutBox 
                                                  \fi \fi 
l.485 
       <./Report_files/figure-latex/transmitflannplot134-1.pdf> <./Report_files
/figure-latex/transmitflannplot0-1.pdf

pdfTeX warning: pdflatex.exe (file ./Report_files/figure-latex/transmitflannplo
t0-1.pdf): PDF inclusion: multiple pdfs with page group included in a single pa
ge
>]
<Report_files/figure-latex/transmitflannplot25-1.pdf, id=674, 433.62pt x 216.81
pt>
File: Report_files/figure-latex/transmitflannplot25-1.pdf Graphic file (type pd
f)
<use Report_files/figure-latex/transmitflannplot25-1.pdf>
Package pdftex.def Info: Report_files/figure-latex/transmitflannplot25-1.pdf  u
sed on input line 488.
(pdftex.def)             Requested size: 433.63878pt x 216.81938pt.
<Report_files/figure-latex/transmitflannplot6-1.pdf, id=675, 433.62pt x 216.81p
t>
File: Report_files/figure-latex/transmitflannplot6-1.pdf Graphic file (type pdf
)
<use Report_files/figure-latex/transmitflannplot6-1.pdf>
Package pdftex.def Info: Report_files/figure-latex/transmitflannplot6-1.pdf  us
ed on input line 494.
(pdftex.def)             Requested size: 433.63878pt x 216.81938pt.
[16pdfTeX warning (ext4): destination with the same identifier (name{figure.15}
) has been already used, duplicate ignored

\AtBegShi@Output ...ipout \box \AtBeginShipoutBox 
                                                  \fi \fi 
l.497 
      pdfTeX warning (ext4): destination with the same identifier (name{figure.
16}) has been already used, duplicate ignored

\AtBegShi@Output ...ipout \box \AtBeginShipoutBox 
                                                  \fi \fi 
l.497 
       <./Report_files/figure-latex/transmitflannplot1-1.pdf> <./Report_files/f
igure-latex/transmitflannplot25-1.pdf

pdfTeX warning: pdflatex.exe (file ./Report_files/figure-latex/transmitflannplo
t25-1.pdf): PDF inclusion: multiple pdfs with page group included in a single p
age
>]
<Report_files/figure-latex/transmitflannplot30-1.pdf, id=761, 433.62pt x 216.81
pt>
File: Report_files/figure-latex/transmitflannplot30-1.pdf Graphic file (type pd
f)
<use Report_files/figure-latex/transmitflannplot30-1.pdf>
Package pdftex.def Info: Report_files/figure-latex/transmitflannplot30-1.pdf  u
sed on input line 500.
(pdftex.def)             Requested size: 433.63878pt x 216.81938pt.
[17pdfTeX warning (ext4): destination with the same identifier (name{figure.17}
) has been already used, duplicate ignored

\AtBegShi@Output ...ipout \box \AtBeginShipoutBox 
                                                  \fi \fi 
l.504 \newpage
              pdfTeX warning (ext4): destination with the same identifier (name
{figure.18}) has been already used, duplicate ignored

\AtBegShi@Output ...ipout \box \AtBeginShipoutBox 
                                                  \fi \fi 
l.504 \newpage
               <./Report_files/figure-latex/transmitflannplot6-1.pdf> <./Report
_files/figure-latex/transmitflannplot30-1.pdf

pdfTeX warning: pdflatex.exe (file ./Report_files/figure-latex/transmitflannplo
t30-1.pdf): PDF inclusion: multiple pdfs with page group included in a single p
age
>]
<Report_files/figure-latex/transmitplot2-1.pdf, id=849, 433.62pt x 216.81pt>
File: Report_files/figure-latex/transmitplot2-1.pdf Graphic file (type pdf)
<use Report_files/figure-latex/transmitplot2-1.pdf>
Package pdftex.def Info: Report_files/figure-latex/transmitplot2-1.pdf  used on
 input line 562.
(pdftex.def)             Requested size: 433.63878pt x 216.81938pt.
[18pdfTeX warning (ext4): destination with the same identifier (name{table.3}) 
has been already used, duplicate ignored

\AtBegShi@Output ...ipout \box \AtBeginShipoutBox 
                                                  \fi \fi 
l.565 
      ]
<Report_files/figure-latex/transnew-1.pdf, id=859, 433.62pt x 216.81pt>
File: Report_files/figure-latex/transnew-1.pdf Graphic file (type pdf)
<use Report_files/figure-latex/transnew-1.pdf>
Package pdftex.def Info: Report_files/figure-latex/transnew-1.pdf  used on inpu
t line 570.
(pdftex.def)             Requested size: 433.63878pt x 216.81938pt.
[19pdfTeX warning (ext4): destination with the same identifier (name{figure.19}
) has been already used, duplicate ignored

\AtBegShi@Output ...ipout \box \AtBeginShipoutBox 
                                                  \fi \fi 
l.573 
       <./Report_files/figure-latex/transmitplot2-1.pdf>] [20pdfTeX warning (ex
t4): destination with the same identifier (name{figure.20}) has been already us
ed, duplicate ignored

\AtBegShi@Output ...ipout \box \AtBeginShipoutBox 
                                                  \fi \fi 
l.574 \newpage
               <./Report_files/figure-latex/transnew-1.pdf>]
LaTeX Font Info:    Try loading font information for T1+lmtt on input line 581.

("C:\Program Files\MiKTeX 2.9\tex/latex/lm\t1lmtt.fd"
File: t1lmtt.fd 2009/10/30 v1.6 Font defs for Latin Modern
)
Overfull \hbox (107.7433pt too wide) in paragraph at lines 602--602
[]\T1/lmtt/m/n/10 ##   File "C:\PROGRA~3\ANACON~1\lib\site-packages\matplotlib\
backends\backend_qt5.py", line 519, in _draw_idle[] 
 []


Overfull \hbox (76.2434pt too wide) in paragraph at lines 602--602
[]\T1/lmtt/m/n/10 ##   File "C:\PROGRA~3\ANACON~1\lib\site-packages\matplotlib\
backends\backend_agg.py", line 402, in draw[] 
 []


Overfull \hbox (39.4935pt too wide) in paragraph at lines 602--602
[]\T1/lmtt/m/n/10 ##   File "C:\PROGRA~3\ANACON~1\lib\site-packages\matplotlib\
artist.py", line 50, in draw_wrapper[] 
 []


Overfull \hbox (7.99359pt too wide) in paragraph at lines 602--602
[]\T1/lmtt/m/n/10 ##   File "C:\PROGRA~3\ANACON~1\lib\site-packages\matplotlib\
figure.py", line 1649, in draw[] 
 []


Overfull \hbox (128.74324pt too wide) in paragraph at lines 602--602
[]\T1/lmtt/m/n/10 ##   File "C:\PROGRA~3\ANACON~1\lib\site-packages\matplotlib\
image.py", line 138, in _draw_list_compositing_images[] 
 []


Overfull \hbox (39.4935pt too wide) in paragraph at lines 602--602
[]\T1/lmtt/m/n/10 ##   File "C:\PROGRA~3\ANACON~1\lib\site-packages\matplotlib\
artist.py", line 50, in draw_wrapper[] 
 []


Overfull \hbox (28.99353pt too wide) in paragraph at lines 602--602
[]\T1/lmtt/m/n/10 ##   File "C:\PROGRA~3\ANACON~1\lib\site-packages\matplotlib\
axes\_base.py", line 2588, in draw[] 
 []


Overfull \hbox (123.49326pt too wide) in paragraph at lines 602--602
[]\T1/lmtt/m/n/10 ##   File "C:\PROGRA~3\ANACON~1\lib\site-packages\matplotlib\
axes\_base.py", line 2542, in _update_title_position[] 
 []

LaTeX Font Info:    Try loading font information for TS1+lmtt on input line 602
.
("C:\Program Files\MiKTeX 2.9\tex/latex/lm\ts1lmtt.fd"
File: ts1lmtt.fd 2009/10/30 v1.6 Font defs for Latin Modern
)
Overfull \hbox (70.99341pt too wide) in paragraph at lines 602--602
[]\T1/lmtt/m/n/10 ##   File "C:\PROGRA~3\ANACON~1\lib\site-packages\matplotlib\
axis.py", line 2066, in get_ticks_position[] 
 []

<Report_files/figure-latex/transflannbar2-1.pdf, id=959, 469.755pt x 325.215pt>

File: Report_files/figure-latex/transflannbar2-1.pdf Graphic file (type pdf)
<use Report_files/figure-latex/transflannbar2-1.pdf>
Package pdftex.def Info: Report_files/figure-latex/transflannbar2-1.pdf  used o
n input line 606.
(pdftex.def)             Requested size: 469.75386pt x 325.2142pt.
[21]
<Report_files/figure-latex/transmitflannplot2-1.pdf, id=969, 433.62pt x 216.81p
t>
File: Report_files/figure-latex/transmitflannplot2-1.pdf Graphic file (type pdf
)
<use Report_files/figure-latex/transmitflannplot2-1.pdf>
Package pdftex.def Info: Report_files/figure-latex/transmitflannplot2-1.pdf  us
ed on input line 612.
(pdftex.def)             Requested size: 433.63878pt x 216.81938pt.
[22pdfTeX warning (ext4): destination with the same identifier (name{figure.21}
) has been already used, duplicate ignored

\AtBegShi@Output ...ipout \box \AtBeginShipoutBox 
                                                  \fi \fi 
l.615 
       <./Report_files/figure-latex/transflannbar2-1.pdf>]
<Report_files/figure-latex/transflannnew-1.pdf, id=1022, 433.62pt x 216.81pt>
File: Report_files/figure-latex/transflannnew-1.pdf Graphic file (type pdf)
<use Report_files/figure-latex/transflannnew-1.pdf>
Package pdftex.def Info: Report_files/figure-latex/transflannnew-1.pdf  used on
 input line 620.
(pdftex.def)             Requested size: 433.63878pt x 216.81938pt.
[23pdfTeX warning (ext4): destination with the same identifier (name{figure.22}
) has been already used, duplicate ignored

\AtBegShi@Output ...ipout \box \AtBeginShipoutBox 
                                                  \fi \fi 
l.624 \newpage
              pdfTeX warning (ext4): destination with the same identifier (name
{figure.23}) has been already used, duplicate ignored

\AtBegShi@Output ...ipout \box \AtBeginShipoutBox 
                                                  \fi \fi 
l.624 \newpage
               <./Report_files/figure-latex/transmitflannplot2-1.pdf> <./Report
_files/figure-latex/transflannnew-1.pdf

pdfTeX warning: pdflatex.exe (file ./Report_files/figure-latex/transflannnew-1.
pdf): PDF inclusion: multiple pdfs with page group included in a single page
>]
<Report_files/figure-latex/JVplot134-1.pdf, id=1117, 433.62pt x 216.81pt>
File: Report_files/figure-latex/JVplot134-1.pdf Graphic file (type pdf)
<use Report_files/figure-latex/JVplot134-1.pdf>
Package pdftex.def Info: Report_files/figure-latex/JVplot134-1.pdf  used on inp
ut line 682.
(pdftex.def)             Requested size: 433.63878pt x 216.81938pt.
[24pdfTeX warning (ext4): destination with the same identifier (name{table.4}) 
has been already used, duplicate ignored

\AtBegShi@Output ...ipout \box \AtBeginShipoutBox 
                                                  \fi \fi 
l.685 
      ]
<Report_files/figure-latex/JVplot0-1.pdf, id=1128, 433.62pt x 216.81pt>
File: Report_files/figure-latex/JVplot0-1.pdf Graphic file (type pdf)
<use Report_files/figure-latex/JVplot0-1.pdf>
Package pdftex.def Info: Report_files/figure-latex/JVplot0-1.pdf  used on input
 line 690.
(pdftex.def)             Requested size: 433.63878pt x 216.81938pt.
<Report_files/figure-latex/JVplot1-1.pdf, id=1129, 433.62pt x 216.81pt>
File: Report_files/figure-latex/JVplot1-1.pdf Graphic file (type pdf)
<use Report_files/figure-latex/JVplot1-1.pdf>
Package pdftex.def Info: Report_files/figure-latex/JVplot1-1.pdf  used on input
 line 696.
(pdftex.def)             Requested size: 433.63878pt x 216.81938pt.
[25pdfTeX warning (ext4): destination with the same identifier (name{figure.24}
) has been already used, duplicate ignored

\AtBegShi@Output ...ipout \box \AtBeginShipoutBox 
                                                  \fi \fi 
l.699 
      pdfTeX warning (ext4): destination with the same identifier (name{figure.
25}) has been already used, duplicate ignored

\AtBegShi@Output ...ipout \box \AtBeginShipoutBox 
                                                  \fi \fi 
l.699 
       <./Report_files/figure-latex/JVplot134-1.pdf> <./Report_files/figure-lat
ex/JVplot0-1.pdf

pdfTeX warning: pdflatex.exe (file ./Report_files/figure-latex/JVplot0-1.pdf): 
PDF inclusion: multiple pdfs with page group included in a single page
>]
<Report_files/figure-latex/JVplot30-1.pdf, id=1226, 433.62pt x 216.81pt>
File: Report_files/figure-latex/JVplot30-1.pdf Graphic file (type pdf)
<use Report_files/figure-latex/JVplot30-1.pdf>
Package pdftex.def Info: Report_files/figure-latex/JVplot30-1.pdf  used on inpu
t line 702.
(pdftex.def)             Requested size: 433.63878pt x 216.81938pt.
[26pdfTeX warning (ext4): destination with the same identifier (name{figure.26}
) has been already used, duplicate ignored

\AtBegShi@Output ...ipout \box \AtBeginShipoutBox 
                                                  \fi \fi 
l.706 \newpage
              pdfTeX warning (ext4): destination with the same identifier (name
{figure.27}) has been already used, duplicate ignored

\AtBegShi@Output ...ipout \box \AtBeginShipoutBox 
                                                  \fi \fi 
l.706 \newpage
               <./Report_files/figure-latex/JVplot1-1.pdf> <./Report_files/figu
re-latex/JVplot30-1.pdf

pdfTeX warning: pdflatex.exe (file ./Report_files/figure-latex/JVplot30-1.pdf):
 PDF inclusion: multiple pdfs with page group included in a single page
>]
<Report_files/figure-latex/jvflannbar-1.pdf, id=1319, 469.755pt x 325.215pt>
File: Report_files/figure-latex/jvflannbar-1.pdf Graphic file (type pdf)
<use Report_files/figure-latex/jvflannbar-1.pdf>
Package pdftex.def Info: Report_files/figure-latex/jvflannbar-1.pdf  used on in
put line 715.
(pdftex.def)             Requested size: 469.75386pt x 325.2142pt.
<Report_files/figure-latex/JVflannplot134-1.pdf, id=1321, 433.62pt x 216.81pt>
File: Report_files/figure-latex/JVflannplot134-1.pdf Graphic file (type pdf)
<use Report_files/figure-latex/JVflannplot134-1.pdf>
Package pdftex.def Info: Report_files/figure-latex/JVflannplot134-1.pdf  used o
n input line 723.
(pdftex.def)             Requested size: 433.63878pt x 216.81938pt.
[27pdfTeX warning (ext4): destination with the same identifier (name{figure.28}
) has been already used, duplicate ignored

\AtBegShi@Output ...ipout \box \AtBeginShipoutBox 
                                                  \fi \fi 
l.726 
       <./Report_files/figure-latex/jvflannbar-1.pdf>]
<Report_files/figure-latex/JVflannplot0-1.pdf, id=1376, 433.62pt x 216.81pt>
File: Report_files/figure-latex/JVflannplot0-1.pdf Graphic file (type pdf)
<use Report_files/figure-latex/JVflannplot0-1.pdf>
Package pdftex.def Info: Report_files/figure-latex/JVflannplot0-1.pdf  used on 
input line 731.
(pdftex.def)             Requested size: 433.63878pt x 216.81938pt.
<Report_files/figure-latex/JVflannplot1-1.pdf, id=1377, 433.62pt x 216.81pt>
File: Report_files/figure-latex/JVflannplot1-1.pdf Graphic file (type pdf)
<use Report_files/figure-latex/JVflannplot1-1.pdf>
Package pdftex.def Info: Report_files/figure-latex/JVflannplot1-1.pdf  used on 
input line 737.
(pdftex.def)             Requested size: 433.63878pt x 216.81938pt.
[28pdfTeX warning (ext4): destination with the same identifier (name{figure.29}
) has been already used, duplicate ignored

\AtBegShi@Output ...ipout \box \AtBeginShipoutBox 
                                                  \fi \fi 
l.740 
      pdfTeX warning (ext4): destination with the same identifier (name{figure.
30}) has been already used, duplicate ignored

\AtBegShi@Output ...ipout \box \AtBeginShipoutBox 
                                                  \fi \fi 
l.740 
       <./Report_files/figure-latex/JVflannplot134-1.pdf> <./Report_files/figur
e-latex/JVflannplot0-1.pdf

pdfTeX warning: pdflatex.exe (file ./Report_files/figure-latex/JVflannplot0-1.p
df): PDF inclusion: multiple pdfs with page group included in a single page
>]
<Report_files/figure-latex/JVflannplot30-1.pdf, id=1477, 433.62pt x 216.81pt>
File: Report_files/figure-latex/JVflannplot30-1.pdf Graphic file (type pdf)
<use Report_files/figure-latex/JVflannplot30-1.pdf>
Package pdftex.def Info: Report_files/figure-latex/JVflannplot30-1.pdf  used on
 input line 743.
(pdftex.def)             Requested size: 433.63878pt x 216.81938pt.
[29pdfTeX warning (ext4): destination with the same identifier (name{figure.31}
) has been already used, duplicate ignored

\AtBegShi@Output ...ipout \box \AtBeginShipoutBox 
                                                  \fi \fi 
l.747 \newpage
              pdfTeX warning (ext4): destination with the same identifier (name
{figure.32}) has been already used, duplicate ignored

\AtBegShi@Output ...ipout \box \AtBeginShipoutBox 
                                                  \fi \fi 
l.747 \newpage
               <./Report_files/figure-latex/JVflannplot1-1.pdf> <./Report_files
/figure-latex/JVflannplot30-1.pdf

pdfTeX warning: pdflatex.exe (file ./Report_files/figure-latex/JVflannplot30-1.
pdf): PDF inclusion: multiple pdfs with page group included in a single page
>]
<Report_files/figure-latex/JVplot2-1.pdf, id=1573, 433.62pt x 216.81pt>
File: Report_files/figure-latex/JVplot2-1.pdf Graphic file (type pdf)
<use Report_files/figure-latex/JVplot2-1.pdf>
Package pdftex.def Info: Report_files/figure-latex/JVplot2-1.pdf  used on input
 line 805.
(pdftex.def)             Requested size: 433.63878pt x 216.81938pt.
[30pdfTeX warning (ext4): destination with the same identifier (name{table.5}) 
has been already used, duplicate ignored

\AtBegShi@Output ...ipout \box \AtBeginShipoutBox 
                                                  \fi \fi 
l.808 
      ]
<Report_files/figure-latex/JVnew-1.pdf, id=1582, 433.62pt x 216.81pt>
File: Report_files/figure-latex/JVnew-1.pdf Graphic file (type pdf)
<use Report_files/figure-latex/JVnew-1.pdf>
Package pdftex.def Info: Report_files/figure-latex/JVnew-1.pdf  used on input l
ine 813.
(pdftex.def)             Requested size: 433.63878pt x 216.81938pt.
[31pdfTeX warning (ext4): destination with the same identifier (name{figure.33}
) has been already used, duplicate ignored

\AtBegShi@Output ...ipout \box \AtBeginShipoutBox 
                                                  \fi \fi 
l.817 \newpage
              pdfTeX warning (ext4): destination with the same identifier (name
{figure.34}) has been already used, duplicate ignored

\AtBegShi@Output ...ipout \box \AtBeginShipoutBox 
                                                  \fi \fi 
l.817 \newpage
               <./Report_files/figure-latex/JVplot2-1.pdf> <./Report_files/figu
re-latex/JVnew-1.pdf

pdfTeX warning: pdflatex.exe (file ./Report_files/figure-latex/JVnew-1.pdf): PD
F inclusion: multiple pdfs with page group included in a single page
>]
<Report_files/figure-latex/jvflannbar2-1.pdf, id=1674, 469.755pt x 325.215pt>
File: Report_files/figure-latex/jvflannbar2-1.pdf Graphic file (type pdf)
<use Report_files/figure-latex/jvflannbar2-1.pdf>
Package pdftex.def Info: Report_files/figure-latex/jvflannbar2-1.pdf  used on i
nput line 826.
(pdftex.def)             Requested size: 469.75386pt x 325.2142pt.
<Report_files/figure-latex/jvflannplot2-1.pdf, id=1675, 433.62pt x 216.81pt>
File: Report_files/figure-latex/jvflannplot2-1.pdf Graphic file (type pdf)
<use Report_files/figure-latex/jvflannplot2-1.pdf>
Package pdftex.def Info: Report_files/figure-latex/jvflannplot2-1.pdf  used on 
input line 832.
(pdftex.def)             Requested size: 433.63878pt x 216.81938pt.
[32pdfTeX warning (ext4): destination with the same identifier (name{figure.35}
) has been already used, duplicate ignored

\AtBegShi@Output ...ipout \box \AtBeginShipoutBox 
                                                  \fi \fi 
l.835 
       <./Report_files/figure-latex/jvflannbar2-1.pdf>]
<Report_files/figure-latex/jvflannnew-1.pdf, id=1731, 433.62pt x 216.81pt>
File: Report_files/figure-latex/jvflannnew-1.pdf Graphic file (type pdf)
<use Report_files/figure-latex/jvflannnew-1.pdf>
Package pdftex.def Info: Report_files/figure-latex/jvflannnew-1.pdf  used on in
put line 840.
(pdftex.def)             Requested size: 433.63878pt x 216.81938pt.
[33pdfTeX warning (ext4): destination with the same identifier (name{figure.36}
) has been already used, duplicate ignored

\AtBegShi@Output ...ipout \box \AtBeginShipoutBox 
                                                  \fi \fi 
l.848 
      pdfTeX warning (ext4): destination with the same identifier (name{figure.
37}) has been already used, duplicate ignored

\AtBegShi@Output ...ipout \box \AtBeginShipoutBox 
                                                  \fi \fi 
l.848 
       <./Report_files/figure-latex/jvflannplot2-1.pdf> <./Report_files/figure-
latex/jvflannnew-1.pdf

pdfTeX warning: pdflatex.exe (file ./Report_files/figure-latex/jvflannnew-1.pdf
): PDF inclusion: multiple pdfs with page group included in a single page
>] [34] [35] [36] [37]
<images/utility1.jpg, id=1870, 421.575pt x 423.83344pt>
File: images/utility1.jpg Graphic file (type jpg)
<use images/utility1.jpg>
Package pdftex.def Info: images/utility1.jpg  used on input line 971.
(pdftex.def)             Requested size: 469.76137pt x 472.27794pt.
<images/utility2.jpg, id=1871, 417.81094pt x 383.93437pt>
File: images/utility2.jpg Graphic file (type jpg)
<use images/utility2.jpg>
Package pdftex.def Info: images/utility2.jpg  used on input line 976.
(pdftex.def)             Requested size: 469.78114pt x 431.69077pt.
pdfTeX warning (ext4): destination with the same identifier (name{page.i}) has 
been already used, duplicate ignored
<to be read again> 
                   \relax 
l.978 
       [1 <./images/utility1.jpg>]
<images/utility3.jpg, id=1877, 419.31656pt x 407.27156pt>
File: images/utility3.jpg Graphic file (type jpg)
<use images/utility3.jpg>
Package pdftex.def Info: images/utility3.jpg  used on input line 981.
(pdftex.def)             Requested size: 469.7529pt x 456.2591pt.
[2 <./images/utility2.jpg>]
<images/utility4.jpg, id=1882, 420.82219pt x 428.35031pt>
File: images/utility4.jpg Graphic file (type jpg)
<use images/utility4.jpg>
Package pdftex.def Info: images/utility4.jpg  used on input line 986.
(pdftex.def)             Requested size: 469.76369pt x 478.16734pt.
[3 <./images/utility3.jpg>]
<images/utilityflann1.jpg, id=1887, 420.06938pt x 416.30531pt>
File: images/utilityflann1.jpg Graphic file (type jpg)
<use images/utilityflann1.jpg>
Package pdftex.def Info: images/utilityflann1.jpg  used on input line 996.
(pdftex.def)             Requested size: 469.7566pt x 465.5473pt.
[4 <./images/utility4.jpg>]
<images/utilityflann2.jpg, id=1893, 419.31656pt x 417.81094pt>
File: images/utilityflann2.jpg Graphic file (type jpg)
<use images/utilityflann2.jpg>
Package pdftex.def Info: images/utilityflann2.jpg  used on input line 1001.
(pdftex.def)             Requested size: 469.7529pt x 468.0662pt.
<images/utilityflann3.jpg, id=1894, 417.05812pt x 435.87843pt>
File: images/utilityflann3.jpg Graphic file (type jpg)
<use images/utilityflann3.jpg>
Package pdftex.def Info: images/utilityflann3.jpg  used on input line 1005.
(pdftex.def)             Requested size: 469.78107pt x 490.98056pt.
[5 <./images/utilityflann1.jpg>]
<images/utilityflann4.jpg, id=1900, 416.30531pt x 423.83344pt>
File: images/utilityflann4.jpg Graphic file (type jpg)
<use images/utilityflann4.jpg>
Package pdftex.def Info: images/utilityflann4.jpg  used on input line 1009.
(pdftex.def)             Requested size: 469.77794pt x 478.273pt.
[6 <./images/utilityflann2.jpg>] [7 <./images/utilityflann3.jpg>]
<images/mlp1.jpg, id=1909, 419.31656pt x 421.575pt>
File: images/mlp1.jpg Graphic file (type jpg)
<use images/mlp1.jpg>
Package pdftex.def Info: images/mlp1.jpg  used on input line 1018.
(pdftex.def)             Requested size: 469.7529pt x 472.28299pt.
[8 <./images/utilityflann4.jpg>]
<images/mlp2.jpg, id=1914, 417.05812pt x 417.81094pt>
File: images/mlp2.jpg Graphic file (type jpg)
<use images/mlp2.jpg>
Package pdftex.def Info: images/mlp2.jpg  used on input line 1023.
(pdftex.def)             Requested size: 469.78107pt x 470.62906pt.
[9 <./images/mlp1.jpg>]
<images/mlp3.jpg, id=1920, 417.05812pt x 420.06938pt>
File: images/mlp3.jpg Graphic file (type jpg)
<use images/mlp3.jpg>
Package pdftex.def Info: images/mlp3.jpg  used on input line 1030.
(pdftex.def)             Requested size: 469.78107pt x 473.173pt.
[10 <./images/mlp2.jpg>]
<images/mlp4.jpg, id=1926, 417.05812pt x 412.54124pt>
File: images/mlp4.jpg Graphic file (type jpg)
<use images/mlp4.jpg>
Package pdftex.def Info: images/mlp4.jpg  used on input line 1035.
(pdftex.def)             Requested size: 469.78107pt x 464.69318pt.
[11 <./images/mlp3.jpg>]
<images/mlp5.jpg, id=1931, 514.92375pt x 410.2828pt>
File: images/mlp5.jpg Graphic file (type jpg)
<use images/mlp5.jpg>
Package pdftex.def Info: images/mlp5.jpg  used on input line 1040.
(pdftex.def)             Requested size: 469.76776pt x 374.30325pt.
[12 <./images/mlp4.jpg>]
<images/mlp6.jpg, id=1936, 472.76625pt x 420.82219pt>
File: images/mlp6.jpg Graphic file (type jpg)
<use images/mlp6.jpg>
Package pdftex.def Info: images/mlp6.jpg  used on input line 1045.
(pdftex.def)             Requested size: 469.76413pt x 418.14992pt.
[13 <./images/mlp5.jpg>]
<images/mlp7.jpg, id=1941, 422.32782pt x 283.0575pt>
File: images/mlp7.jpg Graphic file (type jpg)
<use images/mlp7.jpg>
Package pdftex.def Info: images/mlp7.jpg  used on input line 1050.
(pdftex.def)             Requested size: 469.76894pt x 314.85403pt.
[14 <./images/mlp6.jpg>]
<images/flann1.jpg, id=1946, 447.92343pt x 407.27156pt>
File: images/flann1.jpg Graphic file (type jpg)
<use images/flann1.jpg>
Package pdftex.def Info: images/flann1.jpg  used on input line 1060.
(pdftex.def)             Requested size: 469.76619pt x 427.13194pt.
[15 <./images/mlp7.jpg>]
<images/flann2.jpg, id=1952, 484.81125pt x 398.23781pt>
File: images/flann2.jpg Graphic file (type jpg)
<use images/flann2.jpg>
Package pdftex.def Info: images/flann2.jpg  used on input line 1066.
(pdftex.def)             Requested size: 469.77809pt x 385.88914pt.
[16 <./images/flann1.jpg>]
<images/flann3.jpg, id=1958, 472.76625pt x 385.44pt>
File: images/flann3.jpg Graphic file (type jpg)
<use images/flann3.jpg>
Package pdftex.def Info: images/flann3.jpg  used on input line 1071.
(pdftex.def)             Requested size: 469.76413pt x 382.99242pt.
[17 <./images/flann2.jpg>]
<images/flann4.jpg, id=1963, 416.30531pt x 399.74344pt>
File: images/flann4.jpg Graphic file (type jpg)
<use images/flann4.jpg>
Package pdftex.def Info: images/flann4.jpg  used on input line 1076.
(pdftex.def)             Requested size: 469.77794pt x 451.08875pt.
[18 <./images/flann3.jpg>]
<images/flann5.jpg, id=1968, 506.6428pt x 420.82219pt>
File: images/flann5.jpg Graphic file (type jpg)
<use images/flann5.jpg>
Package pdftex.def Info: images/flann5.jpg  used on input line 1081.
(pdftex.def)             Requested size: 469.76595pt x 390.19193pt.
[19 <./images/flann4.jpg>]
<images/flann6.jpg, id=1973, 456.95718pt x 403.5075pt>
File: images/flann6.jpg Graphic file (type jpg)
<use images/flann6.jpg>
Package pdftex.def Info: images/flann6.jpg  used on input line 1086.
(pdftex.def)             Requested size: 469.77168pt x 414.8231pt.
[20 <./images/flann5.jpg>]
<images/flann7.jpg, id=1978, 520.94624pt x 410.2828pt>
File: images/flann7.jpg Graphic file (type jpg)
<use images/flann7.jpg>
Package pdftex.def Info: images/flann7.jpg  used on input line 1091.
(pdftex.def)             Requested size: 469.76143pt x 369.97105pt.
[21 <./images/flann6.jpg>]
<images/flann8.jpg, id=1983, 496.10344pt x 414.79968pt>
File: images/flann8.jpg Graphic file (type jpg)
<use images/flann8.jpg>
Package pdftex.def Info: images/flann8.jpg  used on input line 1096.
(pdftex.def)             Requested size: 469.7589pt x 392.77261pt.
[22 <./images/flann7.jpg>] [23 <./images/flann8.jpg>]
Package atveryend Info: Empty hook `BeforeClearDocument' on input line 1100.
Package atveryend Info: Empty hook `AfterLastShipout' on input line 1100.
(Report.aux)
Package atveryend Info: Executing hook `AtVeryEndDocument' on input line 1100.
Package atveryend Info: Executing hook `AtEndAfterFileList' on input line 1100.

Package rerunfilecheck Info: File `Report.out' has not changed.
(rerunfilecheck)             Checksum: C344E694EAAFCABD4E5BA66A3E11EDA2;4032.
Package atveryend Info: Empty hook `AtVeryVeryEnd' on input line 1100.
 ) 
Here is how much of TeX's memory you used:
 37223 strings out of 492895
 691380 string characters out of 3133472
 833082 words of memory out of 3000000
 40306 multiletter control sequences out of 15000+200000
 587522 words of font info for 113 fonts, out of 3000000 for 9000
 1141 hyphenation exceptions out of 8191
 62i,10n,81p,1246b,368s stack positions out of 5000i,500n,10000p,200000b,50000s
{C:/Program Files/MiKTeX 2.9/fonts/enc/dvips/lm/lm-ec.enc}{C:/Program Files/M
iKTeX 2.9/fonts/enc/dvips/lm/lm-ts1.enc}{C:/Program Files/MiKTeX 2.9/fonts/enc/
dvips/lm/lm-mathsy.enc}{C:/Program Files/MiKTeX 2.9/fonts/enc/dvips/lm/lm-mathi
t.enc}{C:/Program Files/MiKTeX 2.9/fonts/enc/dvips/lm/lm-rm.enc}<C:/Program Fil
es/MiKTeX 2.9/fonts/type1/public/lm/lmbx10.pfb><C:/Program Files/MiKTeX 2.9/fon
ts/type1/public/lm/lmbx12.pfb><C:/Program Files/MiKTeX 2.9/fonts/type1/public/l
m/lmmi10.pfb><C:/Program Files/MiKTeX 2.9/fonts/type1/public/lm/lmmi7.pfb><C:/P
rogram Files/MiKTeX 2.9/fonts/type1/public/lm/lmr10.pfb><C:/Program Files/MiKTe
X 2.9/fonts/type1/public/lm/lmr12.pfb><C:/Program Files/MiKTeX 2.9/fonts/type1/
public/lm/lmr17.pfb><C:/Program Files/MiKTeX 2.9/fonts/type1/public/lm/lmr7.pfb
><C:/Program Files/MiKTeX 2.9/fonts/type1/public/lm/lmri10.pfb><C:/Program File
s/MiKTeX 2.9/fonts/type1/public/lm/lmri12.pfb><C:/Program Files/MiKTeX 2.9/font
s/type1/public/lm/lmsy10.pfb><C:/Program Files/MiKTeX 2.9/fonts/type1/public/lm
/lmtt10.pfb>
Output written on Report.pdf (62 pages, 2713044 bytes).
PDF statistics:
 2082 PDF objects out of 2487 (max. 8388607)
 189 named destinations out of 1000 (max. 500000)
 10841 words of extra memory for PDF output out of 12000 (max. 10000000)

